<?xml version="1.0" encoding="UTF-8" ?>
<testsuites id="2025-06-20" name="report_64" tests="95" failures="1" skipped="0" flaky="0" time="0.000">
	<testsuite id="0" name="ppf_functions_test" package="addons/godot-stat-math/tests/core" timestamp="2025-06-20T11:05:08" hostname="localhost" tests="95" failures="1" errors="0" skipped="0" flaky="0" time="0.539">
		<testcase name="test_normal_ppf_scipy_validation_parametrized:0 (0.025, 0.0, 1.0, -1.95996398)" classname="ppf_functions_test" time="0.055">
		</testcase>
		<testcase name="test_normal_ppf_scipy_validation_parametrized:1 (0.5, 0.0, 1.0, 0.0)" classname="ppf_functions_test" time="0.038">
		</testcase>
		<testcase name="test_normal_ppf_scipy_validation_parametrized:2 (0.975, 0.0, 1.0, 1.95996398)" classname="ppf_functions_test" time="0.041">
		</testcase>
		<testcase name="test_normal_ppf_scipy_validation_parametrized:3 (0.5, 10.0, 2.0, 10.0)" classname="ppf_functions_test" time="0.054">
		</testcase>
		<testcase name="test_normal_ppf_scipy_validation_parametrized:4 (0.84134475, 0.0, 1.0, 1.0)" classname="ppf_functions_test" time="0.041">
		</testcase>
		<testcase name="test_exponential_ppf_scipy_validation_parametrized:0 (0.5, 1.0, 0.69314718)" classname="ppf_functions_test" time="0.042">
		</testcase>
		<testcase name="test_exponential_ppf_scipy_validation_parametrized:1 (0.632121, 1.0, 1.0)" classname="ppf_functions_test" time="0.040">
		</testcase>
		<testcase name="test_exponential_ppf_scipy_validation_parametrized:2 (0.95, 0.5, 1.49786614)" classname="ppf_functions_test" time="0.039">
			<failure message="FAILED: res://addons/godot-stat-math/tests/core/ppf_functions_test.gd:43" type="FAILURE">
<![CDATA[
Expecting:
 '5.991465'
 in range between
 '1.497864' <> '1.497868'
]]>
			</failure>
		</testcase>
	</testsuite>
</testsuites>
