<?xml version="1.0" encoding="UTF-8" ?>
<testsuites id="2025-06-20" name="report_61" tests="802" failures="3" skipped="0" flaky="0" time="0.000">
	<testsuite id="0" name="basic_stats_test" package="addons/godot-stat-math/tests/core" timestamp="2025-06-20T10:53:14" hostname="localhost" tests="44" failures="0" errors="0" skipped="0" flaky="0" time="1.730">
		<testcase name="test_mean_simple_data" classname="basic_stats_test" time="0.023">
		</testcase>
		<testcase name="test_mean_decimal_data" classname="basic_stats_test" time="0.006">
		</testcase>
		<testcase name="test_mean_single_value" classname="basic_stats_test" time="0.009">
		</testcase>
		<testcase name="test_mean_empty_array" classname="basic_stats_test" time="0.030">
		</testcase>
		<testcase name="test_median_odd_count" classname="basic_stats_test" time="0.015">
		</testcase>
		<testcase name="test_median_even_count" classname="basic_stats_test" time="0.009">
		</testcase>
		<testcase name="test_median_unsorted_data" classname="basic_stats_test" time="0.010">
		</testcase>
		<testcase name="test_median_with_unsorted_array_violation" classname="basic_stats_test" time="0.006">
		</testcase>
		<testcase name="test_median_enhanced_decimal_precision" classname="basic_stats_test" time="0.007">
		</testcase>
		<testcase name="test_median_with_repeated_decimal_values" classname="basic_stats_test" time="0.007">
		</testcase>
		<testcase name="test_median_single_value" classname="basic_stats_test" time="0.008">
		</testcase>
		<testcase name="test_median_empty_array" classname="basic_stats_test" time="0.028">
		</testcase>
		<testcase name="test_variance_simple_data" classname="basic_stats_test" time="0.008">
		</testcase>
		<testcase name="test_variance_single_value" classname="basic_stats_test" time="0.016">
		</testcase>
		<testcase name="test_variance_empty_array" classname="basic_stats_test" time="0.029">
		</testcase>
		<testcase name="test_standard_deviation_simple_data" classname="basic_stats_test" time="0.008">
		</testcase>
		<testcase name="test_standard_deviation_single_value" classname="basic_stats_test" time="0.008">
		</testcase>
		<testcase name="test_standard_deviation_empty_array" classname="basic_stats_test" time="0.028">
		</testcase>
		<testcase name="test_sample_variance_simple_data" classname="basic_stats_test" time="0.008">
		</testcase>
		<testcase name="test_sample_variance_two_values" classname="basic_stats_test" time="0.008">
		</testcase>
		<testcase name="test_sample_variance_single_value" classname="basic_stats_test" time="0.029">
		</testcase>
		<testcase name="test_sample_standard_deviation_simple_data" classname="basic_stats_test" time="0.009">
		</testcase>
		<testcase name="test_sample_standard_deviation_single_value" classname="basic_stats_test" time="0.023">
		</testcase>
		<testcase name="test_median_absolute_deviation_simple_data" classname="basic_stats_test" time="0.013">
		</testcase>
		<testcase name="test_median_absolute_deviation_single_value" classname="basic_stats_test" time="0.010">
		</testcase>
		<testcase name="test_median_absolute_deviation_empty_array" classname="basic_stats_test" time="0.022">
		</testcase>
		<testcase name="test_range_spread_simple_data" classname="basic_stats_test" time="0.014">
		</testcase>
		<testcase name="test_range_spread_single_value" classname="basic_stats_test" time="0.008">
		</testcase>
		<testcase name="test_range_spread_empty_array" classname="basic_stats_test" time="0.023">
		</testcase>
		<testcase name="test_minimum_simple_data" classname="basic_stats_test" time="0.015">
		</testcase>
		<testcase name="test_minimum_empty_array" classname="basic_stats_test" time="0.022">
		</testcase>
		<testcase name="test_maximum_simple_data" classname="basic_stats_test" time="0.007">
		</testcase>
		<testcase name="test_maximum_empty_array" classname="basic_stats_test" time="0.028">
		</testcase>
		<testcase name="test_summary_statistics_structure" classname="basic_stats_test" time="0.015">
		</testcase>
		<testcase name="test_summary_statistics_empty_array" classname="basic_stats_test" time="0.023">
		</testcase>
		<testcase name="test_percentile_simple_data" classname="basic_stats_test" time="0.009">
		</testcase>
		<testcase name="test_percentile_interpolation" classname="basic_stats_test" time="0.010">
		</testcase>
		<testcase name="test_percentile_enhanced_decimal_precision" classname="basic_stats_test" time="0.015">
		</testcase>
		<testcase name="test_percentile_single_value" classname="basic_stats_test" time="0.011">
		</testcase>
		<testcase name="test_percentile_empty_array" classname="basic_stats_test" time="0.022">
		</testcase>
		<testcase name="test_percentile_invalid_percentile" classname="basic_stats_test" time="0.042">
		</testcase>
		<testcase name="test_mean_enhanced_decimal_precision" classname="basic_stats_test" time="0.008">
		</testcase>
		<testcase name="test_variance_enhanced_decimal_precision" classname="basic_stats_test" time="0.007">
		</testcase>
		<testcase name="test_standard_deviation_enhanced_decimal_precision" classname="basic_stats_test" time="0.015">
		</testcase>
	</testsuite>
	<testsuite id="1" name="cdf_functions_test" package="addons/godot-stat-math/tests/core" timestamp="2025-06-20T10:53:16" hostname="localhost" tests="171" failures="0" errors="0" skipped="0" flaky="0" time="9.901">
		<testcase name="test_cdf_scipy_validation_parametrized:0 (&apos;normal&apos;, 1.96, [0.0, 1.0], 0.9750021)" classname="cdf_functions_test" time="0.069">
		</testcase>
		<testcase name="test_cdf_scipy_validation_parametrized:1 (&apos;normal&apos;, -1.96, [0.0, 1.0], 0.0249979)" classname="cdf_functions_test" time="0.040">
		</testcase>
		<testcase name="test_cdf_scipy_validation_parametrized:2 (&apos;normal&apos;, 0.0, [2.0, 0.5], 0.00003167)" classname="cdf_functions_test" time="0.059">
		</testcase>
		<testcase name="test_cdf_scipy_validation_parametrized:3 (&apos;normal&apos;, 0.0, [0.0, 1.0], 0.5)" classname="cdf_functions_test" time="0.066">
		</testcase>
		<testcase name="test_cdf_scipy_validation_parametrized:4 (&apos;normal&apos;, 2.0, [2.0, 1.0], 0.5)" classname="cdf_functions_test" time="0.041">
		</testcase>
		<testcase name="test_cdf_scipy_validation_parametrized:5 (&apos;exponential&apos;, 2.0, [0.5], 0.98168436)" classname="cdf_functions_test" time="0.043">
		</testcase>
		<testcase name="test_cdf_scipy_validation_parametrized:6 (&apos;exponential&apos;, 1.0, [1.0], 0.63212056)" classname="cdf_functions_test" time="0.040">
		</testcase>
		<testcase name="test_cdf_scipy_validation_parametrized:7 (&apos;exponential&apos;, 0.693147, [1.0], 0.49999991)" classname="cdf_functions_test" time="0.040">
		</testcase>
		<testcase name="test_cdf_scipy_validation_parametrized:8 (&apos;gamma&apos;, 2.0, [2.0, 1.0], 0.59399415)" classname="cdf_functions_test" time="0.041">
		</testcase>
		<testcase name="test_cdf_scipy_validation_parametrized:9 (&apos;gamma&apos;, 1.0, [1.0, 1.0], 0.63212056)" classname="cdf_functions_test" time="0.040">
		</testcase>
		<testcase name="test_cdf_scipy_validation_parametrized:10 (&apos;gamma&apos;, 3.841, [1.0, 1.0], 0.97852788)" classname="cdf_functions_test" time="0.041">
		</testcase>
		<testcase name="test_cdf_scipy_validation_parametrized:11 (&apos;beta&apos;, 0.5, [2.0, 2.0], 0.5)" classname="cdf_functions_test" time="0.040">
		</testcase>
		<testcase name="test_cdf_scipy_validation_parametrized:12 (&apos;beta&apos;, 0.25, [2.0, 3.0], 0.26171875)" classname="cdf_functions_test" time="0.042">
		</testcase>
		<testcase name="test_cdf_scipy_validation_parametrized:13 (&apos;beta&apos;, 0.75, [3.0, 2.0], 0.73828125)" classname="cdf_functions_test" time="0.039">
		</testcase>
		<testcase name="test_cdf_scipy_validation_parametrized:14 (&apos;chi_square&apos;, 3.841, [1.0], 0.94998632)" classname="cdf_functions_test" time="0.040">
		</testcase>
		<testcase name="test_cdf_scipy_validation_parametrized:15 (&apos;chi_square&apos;, 5.991, [2.0], 0.94998838)" classname="cdf_functions_test" time="0.039">
		</testcase>
		<testcase name="test_cdf_scipy_validation_parametrized:16 (&apos;chi_square&apos;, 7.815, [3.0], 0.9500061)" classname="cdf_functions_test" time="0.042">
		</testcase>
		<testcase name="test_cdf_scipy_validation_parametrized:17 (&apos;weibull&apos;, 1.5, [1.0, 2.0], 0.89460078)" classname="cdf_functions_test" time="0.041">
		</testcase>
		<testcase name="test_cdf_scipy_validation_parametrized:18 (&apos;weibull&apos;, 2.0, [2.0, 2.0], 0.63212056)" classname="cdf_functions_test" time="0.042">
		</testcase>
		<testcase name="test_cdf_scipy_validation_parametrized:19 (&apos;weibull&apos;, 0.5, [1.0, 1.0], 0.39346934)" classname="cdf_functions_test" time="0.044">
		</testcase>
		<testcase name="test_cdf_monotonicity_parametrized:0 (&apos;normal&apos;, [0.0, 1.0], [-3.0, -1.0, 0.0, 1.0, 3.0])" classname="cdf_functions_test" time="0.039">
		</testcase>
		<testcase name="test_cdf_monotonicity_parametrized:1 (&apos;normal&apos;, [2.0, 0.5], [1.0, 1.5, 2.0, 2.5, 3.0])" classname="cdf_functions_test" time="0.040">
		</testcase>
		<testcase name="test_cdf_monotonicity_parametrized:2 (&apos;exponential&apos;, [1.0], [0.0, 0.5, 1.0, 2.0, 5.0])" classname="cdf_functions_test" time="0.041">
		</testcase>
		<testcase name="test_cdf_monotonicity_parametrized:3 (&apos;exponential&apos;, [2.0], [0.0, 0.25, 0.5, 1.0, 2.5])" classname="cdf_functions_test" time="0.041">
		</testcase>
		<testcase name="test_cdf_monotonicity_parametrized:4 (&apos;uniform&apos;, [1.0, 4.0], [0.5, 1.0, 2.0, 3.0, 4.0, 4.5])" classname="cdf_functions_test" time="0.043">
		</testcase>
		<testcase name="test_cdf_monotonicity_parametrized:5 (&apos;gamma&apos;, [2.0, 1.0], [0.0, 0.5, 1.0, 2.0, 4.0])" classname="cdf_functions_test" time="0.041">
		</testcase>
		<testcase name="test_cdf_monotonicity_parametrized:6 (&apos;beta&apos;, [2.0, 3.0], [0.0, 0.2, 0.5, 0.8, 1.0])" classname="cdf_functions_test" time="0.042">
		</testcase>
		<testcase name="test_cdf_monotonicity_parametrized:7 (&apos;chi_square&apos;, [2.0], [0.0, 1.0, 2.0, 5.0, 10.0])" classname="cdf_functions_test" time="0.042">
		</testcase>
		<testcase name="test_cdf_monotonicity_parametrized:8 (&apos;t&apos;, [5.0], [-3.0, -1.0, 0.0, 1.0, 3.0])" classname="cdf_functions_test" time="0.042">
		</testcase>
		<testcase name="test_cdf_monotonicity_parametrized:9 (&apos;f&apos;, [2.0, 3.0], [0.0, 0.5, 1.0, 2.0, 5.0])" classname="cdf_functions_test" time="0.043">
		</testcase>
		<testcase name="test_cdf_monotonicity_parametrized:10 (&apos;weibull&apos;, [1.0, 2.0], [0.0, 0.5, 1.0, 1.5, 2.0])" classname="cdf_functions_test" time="0.039">
		</testcase>
		<testcase name="test_cdf_monotonicity_parametrized:11 (&apos;pareto&apos;, [1.0, 2.0], [0.5, 1.0, 1.5, 2.0, 3.0])" classname="cdf_functions_test" time="0.042">
		</testcase>
		<testcase name="test_cdf_boundary_values_parametrized:0 (&apos;normal&apos;, &apos;negative_infinity&apos;, [0.0, 1.0], -1000.0, 0.0)" classname="cdf_functions_test" time="0.042">
		</testcase>
		<testcase name="test_cdf_boundary_values_parametrized:1 (&apos;exponential&apos;, &apos;zero&apos;, [1.0], 0.0, 0.0)" classname="cdf_functions_test" time="0.041">
		</testcase>
		<testcase name="test_cdf_boundary_values_parametrized:2 (&apos;exponential&apos;, &apos;negative&apos;, [1.0], -1.0, 0.0)" classname="cdf_functions_test" time="0.039">
		</testcase>
		<testcase name="test_cdf_boundary_values_parametrized:3 (&apos;gamma&apos;, &apos;zero&apos;, [2.0, 1.0], 0.0, 0.0)" classname="cdf_functions_test" time="0.040">
		</testcase>
		<testcase name="test_cdf_boundary_values_parametrized:4 (&apos;gamma&apos;, &apos;negative&apos;, [2.0, 1.0], -1.0, 0.0)" classname="cdf_functions_test" time="0.042">
		</testcase>
		<testcase name="test_cdf_boundary_values_parametrized:5 (&apos;beta&apos;, &apos;zero&apos;, [2.0, 3.0], 0.0, 0.0)" classname="cdf_functions_test" time="0.042">
		</testcase>
		<testcase name="test_cdf_boundary_values_parametrized:6 (&apos;beta&apos;, &apos;negative&apos;, [2.0, 3.0], -0.1, 0.0)" classname="cdf_functions_test" time="0.042">
		</testcase>
		<testcase name="test_cdf_boundary_values_parametrized:7 (&apos;chi_square&apos;, &apos;zero&apos;, [2.0], 0.0, 0.0)" classname="cdf_functions_test" time="0.042">
		</testcase>
		<testcase name="test_cdf_boundary_values_parametrized:8 (&apos;chi_square&apos;, &apos;negative&apos;, [2.0], -1.0, 0.0)" classname="cdf_functions_test" time="0.042">
		</testcase>
		<testcase name="test_cdf_boundary_values_parametrized:9 (&apos;f&apos;, &apos;zero&apos;, [2.0, 3.0], 0.0, 0.0)" classname="cdf_functions_test" time="0.040">
		</testcase>
		<testcase name="test_cdf_boundary_values_parametrized:10 (&apos;f&apos;, &apos;negative&apos;, [2.0, 3.0], -1.0, 0.0)" classname="cdf_functions_test" time="0.058">
		</testcase>
		<testcase name="test_cdf_boundary_values_parametrized:11 (&apos;weibull&apos;, &apos;zero&apos;, [1.0, 2.0], 0.0, 0.0)" classname="cdf_functions_test" time="0.042">
		</testcase>
		<testcase name="test_cdf_boundary_values_parametrized:12 (&apos;weibull&apos;, &apos;negative&apos;, [1.0, 2.0], -1.0, 0.0)" classname="cdf_functions_test" time="0.043">
		</testcase>
		<testcase name="test_cdf_boundary_values_parametrized:13 (&apos;pareto&apos;, &apos;below_scale&apos;, [2.0, 1.0], 1.0, 0.0)" classname="cdf_functions_test" time="0.042">
		</testcase>
		<testcase name="test_cdf_boundary_values_parametrized:14 (&apos;normal&apos;, &apos;positive_infinity&apos;, [0.0, 1.0], 1000.0, 1.0)" classname="cdf_functions_test" time="0.043">
		</testcase>
		<testcase name="test_cdf_boundary_values_parametrized:15 (&apos;exponential&apos;, &apos;large_x&apos;, [1.0], 100.0, 1.0)" classname="cdf_functions_test" time="0.043">
		</testcase>
		<testcase name="test_cdf_boundary_values_parametrized:16 (&apos;gamma&apos;, &apos;large_x&apos;, [2.0, 1.0], 100.0, 1.0)" classname="cdf_functions_test" time="0.043">
		</testcase>
		<testcase name="test_cdf_boundary_values_parametrized:17 (&apos;beta&apos;, &apos;one&apos;, [2.0, 3.0], 1.0, 1.0)" classname="cdf_functions_test" time="0.042">
		</testcase>
		<testcase name="test_cdf_boundary_values_parametrized:18 (&apos;beta&apos;, &apos;above_one&apos;, [2.0, 3.0], 1.1, 1.0)" classname="cdf_functions_test" time="0.042">
		</testcase>
		<testcase name="test_cdf_boundary_values_parametrized:19 (&apos;chi_square&apos;, &apos;large_x&apos;, [2.0], 100.0, 1.0)" classname="cdf_functions_test" time="0.040">
		</testcase>
		<testcase name="test_cdf_boundary_values_parametrized:20 (&apos;t&apos;, &apos;positive_infinity&apos;, [5.0], 1000.0, 1.0)" classname="cdf_functions_test" time="0.040">
		</testcase>
		<testcase name="test_cdf_boundary_values_parametrized:21 (&apos;f&apos;, &apos;large_x&apos;, [2.0, 3.0], 100.0, 1.0)" classname="cdf_functions_test" time="0.042">
		</testcase>
		<testcase name="test_cdf_boundary_values_parametrized:22 (&apos;weibull&apos;, &apos;large_x&apos;, [1.0, 2.0], 100.0, 1.0)" classname="cdf_functions_test" time="0.043">
		</testcase>
		<testcase name="test_cdf_boundary_values_parametrized:23 (&apos;pareto&apos;, &apos;large_x&apos;, [1.0, 2.0], 1000.0, 1.0)" classname="cdf_functions_test" time="0.039">
		</testcase>
		<testcase name="test_cdf_boundary_values_parametrized:24 (&apos;uniform&apos;, &apos;left_bound&apos;, [2.0, 5.0], 2.0, 0.0)" classname="cdf_functions_test" time="0.041">
		</testcase>
		<testcase name="test_cdf_boundary_values_parametrized:25 (&apos;uniform&apos;, &apos;right_bound&apos;, [2.0, 5.0], 5.0, 1.0)" classname="cdf_functions_test" time="0.042">
		</testcase>
		<testcase name="test_cdf_boundary_values_parametrized:26 (&apos;uniform&apos;, &apos;midpoint&apos;, [2.0, 5.0], 3.5, 0.5)" classname="cdf_functions_test" time="0.043">
		</testcase>
		<testcase name="test_cdf_boundary_values_parametrized:27 (&apos;t&apos;, &apos;zero&apos;, [5.0], 0.0, 0.5)" classname="cdf_functions_test" time="0.041">
		</testcase>
		<testcase name="test_cdf_boundary_values_parametrized:28 (&apos;t&apos;, &apos;zero&apos;, [1.0], 0.0, 0.5)" classname="cdf_functions_test" time="0.042">
		</testcase>
		<testcase name="test_cdf_standard_quantiles_parametrized:0 (&apos;normal&apos;, &apos;median_check&apos;, [0.0, 1.0], 0.49, 0.51)" classname="cdf_functions_test" time="0.042">
		</testcase>
		<testcase name="test_cdf_standard_quantiles_parametrized:1 (&apos;exponential&apos;, &apos;median_check&apos;, [1.0], 0.49, 0.51)" classname="cdf_functions_test" time="0.040">
		</testcase>
		<testcase name="test_cdf_standard_quantiles_parametrized:2 (&apos;uniform&apos;, &apos;median_check&apos;, [2.0, 6.0], 0.49, 0.51)" classname="cdf_functions_test" time="0.041">
		</testcase>
		<testcase name="test_cdf_standard_quantiles_parametrized:3 (&apos;gamma&apos;, &apos;first_quartile&apos;, [2.0, 1.0], 0.20, 0.30)" classname="cdf_functions_test" time="0.044">
		</testcase>
		<testcase name="test_cdf_standard_quantiles_parametrized:4 (&apos;beta&apos;, &apos;first_quartile&apos;, [2.0, 2.0], 0.20, 0.30)" classname="cdf_functions_test" time="0.041">
		</testcase>
		<testcase name="test_cdf_standard_quantiles_parametrized:5 (&apos;chi_square&apos;, &apos;third_quartile&apos;, [1.0], 0.70, 0.80)" classname="cdf_functions_test" time="0.041">
		</testcase>
		<testcase name="test_cdf_standard_quantiles_parametrized:6 (&apos;t&apos;, &apos;median_check&apos;, [10.0], 0.49, 0.51)" classname="cdf_functions_test" time="0.042">
		</testcase>
		<testcase name="test_cdf_standard_quantiles_parametrized:7 (&apos;f&apos;, &apos;median_check&apos;, [10.0, 10.0], 0.49, 0.51)" classname="cdf_functions_test" time="0.043">
		</testcase>
		<testcase name="test_cdf_standard_quantiles_parametrized:8 (&apos;weibull&apos;, &apos;median_check&apos;, [1.0, 1.0], 0.49, 0.51)" classname="cdf_functions_test" time="0.042">
		</testcase>
		<testcase name="test_cdf_standard_quantiles_parametrized:9 (&apos;pareto&apos;, &apos;median_check&apos;, [1.0, 1.0], 0.49, 0.51)" classname="cdf_functions_test" time="0.041">
		</testcase>
		<testcase name="test_cdf_parameter_validation_enhanced_parametrized:0 (&apos;normal&apos;, &apos;sigma_zero&apos;, [0.0, 0.0], &apos;Standard deviation (sigma) must be positive for Normal CDF. Received: 0.0&apos;)" classname="cdf_functions_test" time="0.063">
		</testcase>
		<testcase name="test_cdf_parameter_validation_enhanced_parametrized:1 (&apos;normal&apos;, &apos;sigma_negative&apos;, [0.0, -1.0], &apos;Standard deviation (sigma) must be positive for Normal CDF. Received: -1.0&apos;)" classname="cdf_functions_test" time="0.060">
		</testcase>
		<testcase name="test_cdf_parameter_validation_enhanced_parametrized:2 (&apos;exponential&apos;, &apos;lambda_zero&apos;, [0.0], &apos;Rate parameter (lambda_param) must be positive for Exponential CDF. Received: 0.0&apos;)" classname="cdf_functions_test" time="0.063">
		</testcase>
		<testcase name="test_cdf_parameter_validation_enhanced_parametrized:3 (&apos;exponential&apos;, &apos;lambda_negative&apos;, [-1.0], &apos;Rate parameter (lambda_param) must be positive for Exponential CDF. Received: -1.0&apos;)" classname="cdf_functions_test" time="0.059">
		</testcase>
		<testcase name="test_cdf_parameter_validation_enhanced_parametrized:4 (&apos;gamma&apos;, &apos;shape_zero&apos;, [0.0, 1.0], &apos;Shape (k_shape) and scale (theta_scale) must be positive for Gamma CDF. Received k_shape=0.0, theta_scale=1.0&apos;)" classname="cdf_functions_test" time="0.065">
		</testcase>
		<testcase name="test_cdf_parameter_validation_enhanced_parametrized:5 (&apos;gamma&apos;, &apos;scale_zero&apos;, [1.0, 0.0], &apos;Shape (k_shape) and scale (theta_scale) must be positive for Gamma CDF. Received k_shape=1.0, theta_scale=0.0&apos;)" classname="cdf_functions_test" time="0.058">
		</testcase>
		<testcase name="test_cdf_parameter_validation_enhanced_parametrized:6 (&apos;beta&apos;, &apos;alpha_zero&apos;, [0.0, 1.0], &apos;Shape parameters (alpha, beta_param) must be positive for Beta CDF. Received alpha=0.0, beta_param=1.0&apos;)" classname="cdf_functions_test" time="0.064">
		</testcase>
		<testcase name="test_cdf_parameter_validation_enhanced_parametrized:7 (&apos;beta&apos;, &apos;beta_negative&apos;, [1.0, -1.0], &apos;Shape parameters (alpha, beta_param) must be positive for Beta CDF. Received alpha=1.0, beta_param=-1.0&apos;)" classname="cdf_functions_test" time="0.057">
		</testcase>
		<testcase name="test_cdf_parameter_validation_enhanced_parametrized:8 (&apos;uniform&apos;, &apos;a_greater_than_b&apos;, [5.0, 2.0], &apos;Parameter a must be less than or equal to b for Uniform CDF. Received a=5.0, b=2.0&apos;)" classname="cdf_functions_test" time="0.070">
		</testcase>
		<testcase name="test_cdf_parameter_validation_enhanced_parametrized:9 (&apos;chi_square&apos;, &apos;df_zero&apos;, [0.0], &apos;Degrees of freedom (k_df) must be positive for Chi-Square CDF. Received: 0.0&apos;)" classname="cdf_functions_test" time="0.059">
		</testcase>
		<testcase name="test_cdf_parameter_validation_enhanced_parametrized:10 (&apos;chi_square&apos;, &apos;df_negative&apos;, [-1.0], &apos;Degrees of freedom (k_df) must be positive for Chi-Square CDF. Received: -1.0&apos;)" classname="cdf_functions_test" time="0.058">
		</testcase>
		<testcase name="test_cdf_parameter_validation_enhanced_parametrized:11 (&apos;t&apos;, &apos;df_zero&apos;, [0.0], &apos;Degrees of freedom (df_nu) must be positive for Student&apos;s t-Distribution CDF. Received: 0.0&apos;], [&apos;t&apos;, &apos;df_negative&apos;, [-5.0], &apos;Degrees of freedom (df_nu) must be positive for Student&apos;s t-Distribution CDF. Received: -5.0&apos;)" classname="cdf_functions_test" time="0.057">
		</testcase>
		<testcase name="test_cdf_parameter_validation_enhanced_parametrized:12 (&apos;f&apos;, &apos;d1_zero&apos;, [0.0, 5.0], &apos;Degrees of freedom (d1_df, d2_df) must be positive for F-Distribution CDF. Received d1_df=0.0, d2_df=5.0&apos;)" classname="cdf_functions_test" time="0.059">
		</testcase>
		<testcase name="test_cdf_parameter_validation_enhanced_parametrized:13 (&apos;f&apos;, &apos;d2_negative&apos;, [5.0, -1.0], &apos;Degrees of freedom (d1_df, d2_df) must be positive for F-Distribution CDF. Received d1_df=5.0, d2_df=-1.0&apos;)" classname="cdf_functions_test" time="0.062">
		</testcase>
		<testcase name="test_cdf_parameter_validation_enhanced_parametrized:14 (&apos;weibull&apos;, &apos;scale_zero&apos;, [0.0, 2.0], &apos;Scale parameter must be positive for Weibull CDF. Received: 0.0&apos;)" classname="cdf_functions_test" time="0.058">
		</testcase>
		<testcase name="test_cdf_parameter_validation_enhanced_parametrized:15 (&apos;weibull&apos;, &apos;shape_negative&apos;, [1.0, -1.0], &apos;Shape parameter must be positive for Weibull CDF. Received: -1.0&apos;)" classname="cdf_functions_test" time="0.058">
		</testcase>
		<testcase name="test_cdf_parameter_validation_enhanced_parametrized:16 (&apos;pareto&apos;, &apos;scale_zero&apos;, [0.0, 1.0], &apos;Scale parameter must be positive for Pareto CDF. Received: 0.0&apos;)" classname="cdf_functions_test" time="0.058">
		</testcase>
		<testcase name="test_cdf_parameter_validation_enhanced_parametrized:17 (&apos;pareto&apos;, &apos;shape_negative&apos;, [1.0, -2.0], &apos;Shape parameter must be positive for Pareto CDF. Received: -2.0&apos;)" classname="cdf_functions_test" time="0.057">
		</testcase>
		<testcase name="test_cdf_parameter_validation_enhanced_parametrized:18 (&apos;binomial&apos;, &apos;n_negative&apos;, [-1, 0.5], &apos;Number of trials (n_trials) must be non-negative. Received: -1&apos;)" classname="cdf_functions_test" time="0.058">
		</testcase>
		<testcase name="test_cdf_parameter_validation_enhanced_parametrized:19 (&apos;binomial&apos;, &apos;p_negative&apos;, [5, -0.1], &apos;Probability (p_prob) must be between 0.0 and 1.0. Received: -0.1&apos;)" classname="cdf_functions_test" time="0.056">
		</testcase>
		<testcase name="test_cdf_parameter_validation_enhanced_parametrized:20 (&apos;binomial&apos;, &apos;p_greater_than_one&apos;, [5, 1.5], &apos;Probability (p_prob) must be between 0.0 and 1.0. Received: 1.5&apos;)" classname="cdf_functions_test" time="0.058">
		</testcase>
		<testcase name="test_cdf_parameter_validation_enhanced_parametrized:21 (&apos;poisson&apos;, &apos;lambda_negative&apos;, [-1.0], &apos;Rate parameter (lambda_param) must be non-negative for Poisson CDF. Received: -1.0&apos;)" classname="cdf_functions_test" time="0.060">
		</testcase>
		<testcase name="test_cdf_parameter_validation_enhanced_parametrized:22 (&apos;geometric&apos;, &apos;p_zero&apos;, [0.0], &apos;Success probability (p_prob) must be in (0,1]. Received: 0.0&apos;)" classname="cdf_functions_test" time="0.075">
		</testcase>
		<testcase name="test_cdf_parameter_validation_enhanced_parametrized:23 (&apos;geometric&apos;, &apos;p_greater_than_one&apos;, [1.5], &apos;Success probability (p_prob) must be in (0,1]. Received: 1.5&apos;)" classname="cdf_functions_test" time="0.070">
		</testcase>
		<testcase name="test_cdf_parameter_validation_enhanced_parametrized:24 (&apos;negative_binomial&apos;, &apos;r_zero&apos;, [0, 0.5], &apos;Number of successes (r_successes) must be positive. Received: 0&apos;)" classname="cdf_functions_test" time="0.071">
		</testcase>
		<testcase name="test_cdf_parameter_validation_enhanced_parametrized:25 (&apos;negative_binomial&apos;, &apos;p_zero&apos;, [5, 0.0], &apos;Success probability (p_prob) must be in (0,1]. Received: 0.0&apos;)" classname="cdf_functions_test" time="0.065">
		</testcase>
		<testcase name="test_uniform_cdf_basic_range" classname="cdf_functions_test" time="0.008">
		</testcase>
		<testcase name="test_uniform_cdf_x_below_a" classname="cdf_functions_test" time="0.016">
		</testcase>
		<testcase name="test_uniform_cdf_x_above_b" classname="cdf_functions_test" time="0.014">
		</testcase>
		<testcase name="test_uniform_cdf_a_equals_b" classname="cdf_functions_test" time="0.014">
		</testcase>
		<testcase name="test_uniform_cdf_invalid_a_greater_than_b" classname="cdf_functions_test" time="0.028">
		</testcase>
		<testcase name="test_normal_cdf_standard_normal" classname="cdf_functions_test" time="0.017">
		</testcase>
		<testcase name="test_normal_cdf_mu_sigma" classname="cdf_functions_test" time="0.007">
		</testcase>
		<testcase name="test_normal_cdf_known_value" classname="cdf_functions_test" time="0.008">
		</testcase>
		<testcase name="test_normal_cdf_invalid_sigma_zero" classname="cdf_functions_test" time="0.023">
		</testcase>
		<testcase name="test_exponential_cdf_typical" classname="cdf_functions_test" time="0.009">
		</testcase>
		<testcase name="test_exponential_cdf_x_zero" classname="cdf_functions_test" time="0.009">
		</testcase>
		<testcase name="test_exponential_cdf_invalid_lambda_zero" classname="cdf_functions_test" time="0.024">
		</testcase>
		<testcase name="test_beta_cdf_symmetric" classname="cdf_functions_test" time="0.015">
		</testcase>
		<testcase name="test_beta_cdf_x_zero" classname="cdf_functions_test" time="0.010">
		</testcase>
		<testcase name="test_beta_cdf_x_one" classname="cdf_functions_test" time="0.015">
		</testcase>
		<testcase name="test_beta_cdf_invalid_alpha_beta" classname="cdf_functions_test" time="0.023">
		</testcase>
		<testcase name="test_gamma_cdf_known_value" classname="cdf_functions_test" time="0.008">
		</testcase>
		<testcase name="test_gamma_cdf_x_zero" classname="cdf_functions_test" time="0.009">
		</testcase>
		<testcase name="test_gamma_cdf_invalid_shape_scale" classname="cdf_functions_test" time="0.023">
		</testcase>
		<testcase name="test_chi_square_cdf_known_value" classname="cdf_functions_test" time="0.008">
		</testcase>
		<testcase name="test_chi_square_cdf_x_zero" classname="cdf_functions_test" time="0.009">
		</testcase>
		<testcase name="test_chi_square_cdf_invalid_df" classname="cdf_functions_test" time="0.030">
		</testcase>
		<testcase name="test_f_cdf_known_value" classname="cdf_functions_test" time="0.009">
		</testcase>
		<testcase name="test_f_cdf_x_zero" classname="cdf_functions_test" time="0.008">
		</testcase>
		<testcase name="test_f_cdf_invalid_df" classname="cdf_functions_test" time="0.021">
		</testcase>
		<testcase name="test_t_cdf_x_zero" classname="cdf_functions_test" time="0.011">
		</testcase>
		<testcase name="test_t_cdf_known_value" classname="cdf_functions_test" time="0.012">
		</testcase>
		<testcase name="test_t_cdf_invalid_df" classname="cdf_functions_test" time="0.016">
		</testcase>
		<testcase name="test_binomial_cdf_known_value" classname="cdf_functions_test" time="0.010">
		</testcase>
		<testcase name="test_binomial_cdf_k_negative" classname="cdf_functions_test" time="0.009">
		</testcase>
		<testcase name="test_binomial_cdf_k_ge_n" classname="cdf_functions_test" time="0.010">
		</testcase>
		<testcase name="test_binomial_cdf_invalid_n_negative" classname="cdf_functions_test" time="0.030">
		</testcase>
		<testcase name="test_binomial_cdf_invalid_p" classname="cdf_functions_test" time="0.044">
		</testcase>
		<testcase name="test_poisson_cdf_known_value" classname="cdf_functions_test" time="0.009">
		</testcase>
		<testcase name="test_poisson_cdf_k_negative" classname="cdf_functions_test" time="0.008">
		</testcase>
		<testcase name="test_poisson_cdf_invalid_lambda_negative" classname="cdf_functions_test" time="0.024">
		</testcase>
		<testcase name="test_geometric_cdf_known_value" classname="cdf_functions_test" time="0.009">
		</testcase>
		<testcase name="test_geometric_cdf_k_less_than_1" classname="cdf_functions_test" time="0.008">
		</testcase>
		<testcase name="test_geometric_cdf_invalid_p_zero" classname="cdf_functions_test" time="0.023">
		</testcase>
		<testcase name="test_negative_binomial_cdf_known_value" classname="cdf_functions_test" time="0.007">
		</testcase>
		<testcase name="test_negative_binomial_cdf_k_less_than_r" classname="cdf_functions_test" time="0.010">
		</testcase>
		<testcase name="test_negative_binomial_cdf_invalid_r" classname="cdf_functions_test" time="0.031">
		</testcase>
		<testcase name="test_negative_binomial_cdf_invalid_p" classname="cdf_functions_test" time="0.023">
		</testcase>
		<testcase name="test_pareto_cdf_x_equals_scale" classname="cdf_functions_test" time="0.009">
		</testcase>
		<testcase name="test_pareto_cdf_basic_calculation" classname="cdf_functions_test" time="0.010">
		</testcase>
		<testcase name="test_pareto_cdf_x_below_scale" classname="cdf_functions_test" time="0.016">
		</testcase>
		<testcase name="test_pareto_cdf_large_x" classname="cdf_functions_test" time="0.008">
		</testcase>
		<testcase name="test_pareto_cdf_different_shapes" classname="cdf_functions_test" time="0.010">
		</testcase>
		<testcase name="test_pareto_cdf_monotonicity" classname="cdf_functions_test" time="0.007">
		</testcase>
		<testcase name="test_pareto_cdf_bounds" classname="cdf_functions_test" time="0.008">
		</testcase>
		<testcase name="test_pareto_cdf_deterministic" classname="cdf_functions_test" time="0.015">
		</testcase>
		<testcase name="test_pareto_cdf_invalid_scale_zero" classname="cdf_functions_test" time="0.022">
		</testcase>
		<testcase name="test_pareto_cdf_invalid_scale_negative" classname="cdf_functions_test" time="0.030">
		</testcase>
		<testcase name="test_pareto_cdf_invalid_shape_zero" classname="cdf_functions_test" time="0.024">
		</testcase>
		<testcase name="test_pareto_cdf_invalid_shape_negative" classname="cdf_functions_test" time="0.023">
		</testcase>
		<testcase name="test_pareto_cdf_wealth_distribution_probability" classname="cdf_functions_test" time="0.009">
		</testcase>
		<testcase name="test_pareto_cdf_loot_rarity_distribution" classname="cdf_functions_test" time="0.009">
		</testcase>
		<testcase name="test_pareto_cdf_damage_resistance_calculation" classname="cdf_functions_test" time="0.007">
		</testcase>
		<testcase name="test_pareto_cdf_market_price_analysis" classname="cdf_functions_test" time="0.017">
		</testcase>
		<testcase name="test_weibull_cdf_known_value" classname="cdf_functions_test" time="0.009">
		</testcase>
		<testcase name="test_weibull_cdf_basic_calculation" classname="cdf_functions_test" time="0.009">
		</testcase>
		<testcase name="test_weibull_cdf_x_below_zero" classname="cdf_functions_test" time="0.008">
		</testcase>
		<testcase name="test_weibull_cdf_exponential_case" classname="cdf_functions_test" time="0.008">
		</testcase>
		<testcase name="test_weibull_cdf_monotonicity" classname="cdf_functions_test" time="0.008">
		</testcase>
		<testcase name="test_weibull_cdf_bounds" classname="cdf_functions_test" time="0.008">
		</testcase>
		<testcase name="test_weibull_cdf_invalid_shape" classname="cdf_functions_test" time="0.045">
		</testcase>
		<testcase name="test_weibull_cdf_invalid_scale" classname="cdf_functions_test" time="0.035">
		</testcase>
		<testcase name="test_weibull_cdf_equipment_failure_probability" classname="cdf_functions_test" time="0.009">
		</testcase>
		<testcase name="test_weibull_cdf_survival_analysis" classname="cdf_functions_test" time="0.010">
		</testcase>
		<testcase name="test_weibull_cdf_wind_speed_distribution" classname="cdf_functions_test" time="0.015">
		</testcase>
		<testcase name="test_weibull_cdf_component_reliability" classname="cdf_functions_test" time="0.009">
		</testcase>
		<testcase name="test_weibull_cdf_quest_completion_analysis" classname="cdf_functions_test" time="0.009">
		</testcase>
		<testcase name="test_weibull_cdf_resource_depletion_modeling" classname="cdf_functions_test" time="0.008">
		</testcase>
		<testcase name="test_weibull_cdf_network_latency_analysis" classname="cdf_functions_test" time="0.009">
		</testcase>
	</testsuite>
	<testsuite id="2" name="cdf_pdf_integration_test" package="addons/godot-stat-math/tests/core" timestamp="2025-06-20T10:53:26" hostname="localhost" tests="11" failures="1" errors="0" skipped="0" flaky="0" time="0.313">
		<testcase name="test_normal_cdf_pdf_derivative_relationship" classname="cdf_pdf_integration_test" time="0.016">
		</testcase>
		<testcase name="test_exponential_cdf_pdf_derivative_relationship" classname="cdf_pdf_integration_test" time="0.009">
		</testcase>
		<testcase name="test_uniform_cdf_pdf_derivative_relationship" classname="cdf_pdf_integration_test" time="0.031">
		</testcase>
		<testcase name="test_beta_cdf_pdf_derivative_relationship" classname="cdf_pdf_integration_test" time="0.015">
		</testcase>
		<testcase name="test_gamma_cdf_pdf_probability_consistency" classname="cdf_pdf_integration_test" time="0.016">
		</testcase>
		<testcase name="test_weibull_cdf_pdf_derivative_relationship" classname="cdf_pdf_integration_test" time="0.009">
		</testcase>
		<testcase name="test_cdf_monotonicity_all_distributions" classname="cdf_pdf_integration_test" time="0.012">
		</testcase>
		<testcase name="test_end_to_end_normal_distribution_workflow" classname="cdf_pdf_integration_test" time="0.018">
			<failure message="FAILED: res://addons/godot-stat-math/tests/core/cdf_pdf_integration_test.gd:181" type="FAILURE">
<![CDATA[
Expecting:
 '4.131820'
 in range between
 '7.789707' <> '8.789707'
]]>
			</failure>
		</testcase>
	</testsuite>
	<testsuite id="3" name="distributions_test" package="addons/godot-stat-math/tests/core" timestamp="2025-06-20T10:53:27" hostname="localhost" tests="208" failures="1" errors="0" skipped="0" flaky="0" time="1.470">
		<testcase name="test_randi_bernoulli_p_zero" classname="distributions_test" time="0.035">
		</testcase>
		<testcase name="test_randi_bernoulli_p_one" classname="distributions_test" time="0.022">
		</testcase>
		<testcase name="test_randi_bernoulli_p_half" classname="distributions_test" time="0.022">
		</testcase>
		<testcase name="test_randi_bernoulli_invalid_p_too_low" classname="distributions_test" time="0.033">
		</testcase>
		<testcase name="test_randi_bernoulli_invalid_p_too_high" classname="distributions_test" time="0.041">
		</testcase>
		<testcase name="test_randi_binomial_p_zero" classname="distributions_test" time="0.013">
		</testcase>
		<testcase name="test_randi_binomial_p_one" classname="distributions_test" time="0.023">
		</testcase>
		<testcase name="test_randi_binomial_n_zero" classname="distributions_test" time="0.020">
		</testcase>
		<testcase name="test_randi_binomial_statistical_properties" classname="distributions_test" time="0.032">
		</testcase>
		<testcase name="test_randi_binomial_typical_case" classname="distributions_test" time="0.013">
		</testcase>
		<testcase name="test_randi_binomial_invalid_p_too_low" classname="distributions_test" time="0.033">
		</testcase>
		<testcase name="test_randi_binomial_invalid_p_too_high" classname="distributions_test" time="0.026">
		</testcase>
		<testcase name="test_randi_binomial_invalid_n_negative" classname="distributions_test" time="0.036">
		</testcase>
		<testcase name="test_randi_geometric_p_one" classname="distributions_test" time="0.021">
		</testcase>
		<testcase name="test_randi_geometric_typical_case" classname="distributions_test" time="0.021">
		</testcase>
		<testcase name="test_randi_geometric_p_very_small_expect_large_or_inf" classname="distributions_test" time="0.014">
		</testcase>
		<testcase name="test_randi_geometric_invalid_p_zero" classname="distributions_test" time="0.028">
		</testcase>
		<testcase name="test_randi_geometric_invalid_p_too_low" classname="distributions_test" time="0.022">
		</testcase>
		<testcase name="test_randi_geometric_invalid_p_too_high" classname="distributions_test" time="0.031">
		</testcase>
		<testcase name="test_randi_poisson_typical_case" classname="distributions_test" time="0.009">
		</testcase>
		<testcase name="test_randi_poisson_small_lambda" classname="distributions_test" time="0.009">
		</testcase>
		<testcase name="test_randi_poisson_invalid_lambda_zero" classname="distributions_test" time="0.032">
		</testcase>
		<testcase name="test_randi_poisson_invalid_lambda_negative" classname="distributions_test" time="0.028">
		</testcase>
		<testcase name="test_randi_pseudo_c_param_one" classname="distributions_test" time="0.013">
		</testcase>
		<testcase name="test_randi_pseudo_typical_case" classname="distributions_test" time="0.008">
		</testcase>
		<testcase name="test_randi_pseudo_c_param_half" classname="distributions_test" time="0.014">
		</testcase>
		<testcase name="test_randi_pseudo_invalid_c_param_zero" classname="distributions_test" time="0.023">
		</testcase>
		<testcase name="test_randi_pseudo_invalid_c_param_negative" classname="distributions_test" time="0.022">
		</testcase>
		<testcase name="test_randi_pseudo_invalid_c_param_too_high" classname="distributions_test" time="0.028">
		</testcase>
		<testcase name="test_randi_seige_initial_capture_guaranteed" classname="distributions_test" time="0.009">
			<failure message="FAILED: res://addons/godot-stat-math/tests/core/distributions_test.gd:206" type="FAILURE">
<![CDATA[
Expecting:
 '1'
 but was
 '2'
]]>
			</failure>
		</testcase>
	</testsuite>
	<testsuite id="4" name="error_functions_test" package="addons/godot-stat-math/tests/core" timestamp="2025-06-20T10:53:28" hostname="localhost" tests="25" failures="0" errors="0" skipped="0" flaky="0" time="1.150">
		<testcase name="test_error_function_zero" classname="error_functions_test" time="0.021">
		</testcase>
		<testcase name="test_error_function_positive" classname="error_functions_test" time="0.021">
		</testcase>
		<testcase name="test_error_function_negative" classname="error_functions_test" time="0.023">
		</testcase>
		<testcase name="test_error_function_large_positive" classname="error_functions_test" time="0.023">
		</testcase>
		<testcase name="test_error_function_large_negative" classname="error_functions_test" time="0.015">
		</testcase>
		<testcase name="test_complementary_error_function_zero" classname="error_functions_test" time="0.016">
		</testcase>
		<testcase name="test_complementary_error_function_positive" classname="error_functions_test" time="0.022">
		</testcase>
		<testcase name="test_complementary_error_function_negative" classname="error_functions_test" time="0.022">
		</testcase>
		<testcase name="test_error_function_inverse_round_trip" classname="error_functions_test" time="0.026">
		</testcase>
		<testcase name="test_error_function_inverse_zero" classname="error_functions_test" time="0.025">
		</testcase>
		<testcase name="test_error_function_inverse_one" classname="error_functions_test" time="0.024">
		</testcase>
		<testcase name="test_error_function_inverse_minus_one" classname="error_functions_test" time="0.022">
		</testcase>
		<testcase name="test_error_function_inverse_invalid_gt_one" classname="error_functions_test" time="0.037">
		</testcase>
		<testcase name="test_error_function_inverse_invalid_lt_minus_one" classname="error_functions_test" time="0.032">
		</testcase>
		<testcase name="test_complementary_error_function_inverse_round_trip" classname="error_functions_test" time="0.023">
		</testcase>
		<testcase name="test_complementary_error_function_inverse_one" classname="error_functions_test" time="0.024">
		</testcase>
		<testcase name="test_complementary_error_function_inverse_zero" classname="error_functions_test" time="0.019">
		</testcase>
		<testcase name="test_complementary_error_function_inverse_two" classname="error_functions_test" time="0.012">
		</testcase>
		<testcase name="test_complementary_error_function_inverse_invalid_gt_two" classname="error_functions_test" time="0.025">
		</testcase>
		<testcase name="test_complementary_error_function_inverse_invalid_lt_zero" classname="error_functions_test" time="0.024">
		</testcase>
		<testcase name="test_gamma_integer" classname="error_functions_test" time="0.012">
		</testcase>
		<testcase name="test_gamma_half_integer" classname="error_functions_test" time="0.008">
		</testcase>
		<testcase name="test_gamma_invalid_input" classname="error_functions_test" time="0.018">
		</testcase>
		<testcase name="test_log_gamma_consistency" classname="error_functions_test" time="0.008">
		</testcase>
		<testcase name="test_log_gamma_invalid_input" classname="error_functions_test" time="0.009">
		</testcase>
	</testsuite>
	<testsuite id="5" name="helper_functions_test" package="addons/godot-stat-math/tests/core" timestamp="2025-06-20T10:53:29" hostname="localhost" tests="49" failures="0" errors="0" skipped="0" flaky="0" time="1.919">
		<testcase name="test_binomial_coefficient_basic" classname="helper_functions_test" time="0.015">
		</testcase>
		<testcase name="test_binomial_coefficient_r_zero" classname="helper_functions_test" time="0.009">
		</testcase>
		<testcase name="test_binomial_coefficient_r_equals_n" classname="helper_functions_test" time="0.010">
		</testcase>
		<testcase name="test_binomial_coefficient_r_greater_than_n" classname="helper_functions_test" time="0.016">
		</testcase>
		<testcase name="test_binomial_coefficient_invalid_n_negative" classname="helper_functions_test" time="0.024">
		</testcase>
		<testcase name="test_binomial_coefficient_invalid_r_negative" classname="helper_functions_test" time="0.030">
		</testcase>
		<testcase name="test_log_factorial_basic" classname="helper_functions_test" time="0.010">
		</testcase>
		<testcase name="test_log_factorial_zero" classname="helper_functions_test" time="0.015">
		</testcase>
		<testcase name="test_log_factorial_invalid_negative" classname="helper_functions_test" time="0.024">
		</testcase>
		<testcase name="test_log_binomial_coef_basic" classname="helper_functions_test" time="0.010">
		</testcase>
		<testcase name="test_log_binomial_coef_k_zero" classname="helper_functions_test" time="0.008">
		</testcase>
		<testcase name="test_log_binomial_coef_k_equals_n" classname="helper_functions_test" time="0.009">
		</testcase>
		<testcase name="test_log_binomial_coef_k_greater_than_n" classname="helper_functions_test" time="0.010">
		</testcase>
		<testcase name="test_log_binomial_coef_invalid_n_negative" classname="helper_functions_test" time="0.019">
		</testcase>
		<testcase name="test_log_binomial_coef_invalid_k_negative" classname="helper_functions_test" time="0.024">
		</testcase>
		<testcase name="test_beta_function_basic" classname="helper_functions_test" time="0.009">
		</testcase>
		<testcase name="test_beta_function_invalid_a_negative" classname="helper_functions_test" time="0.023">
		</testcase>
		<testcase name="test_incomplete_beta_x_zero" classname="helper_functions_test" time="0.009">
		</testcase>
		<testcase name="test_incomplete_beta_x_one" classname="helper_functions_test" time="0.009">
		</testcase>
		<testcase name="test_incomplete_beta_invalid_a_negative" classname="helper_functions_test" time="0.029">
		</testcase>
		<testcase name="test_incomplete_beta_invalid_x_out_of_range" classname="helper_functions_test" time="0.024">
		</testcase>
		<testcase name="test_incomplete_beta_special_case_beta_2_2" classname="helper_functions_test" time="0.010">
		</testcase>
		<testcase name="test_incomplete_beta_special_case_beta_2_2_quarter" classname="helper_functions_test" time="0.008">
		</testcase>
		<testcase name="test_incomplete_beta_special_case_beta_2_2_three_quarters" classname="helper_functions_test" time="0.016">
		</testcase>
		<testcase name="test_incomplete_beta_numerical_integration_beta_3_2" classname="helper_functions_test" time="0.010">
		</testcase>
		<testcase name="test_incomplete_beta_symmetry" classname="helper_functions_test" time="0.010">
		</testcase>
		<testcase name="test_incomplete_beta_monotonicity" classname="helper_functions_test" time="0.009">
		</testcase>
		<testcase name="test_incomplete_beta_invalid_x_greater_than_one" classname="helper_functions_test" time="0.024">
		</testcase>
		<testcase name="test_incomplete_beta_invalid_b_negative" classname="helper_functions_test" time="0.025">
		</testcase>
		<testcase name="test_log_beta_function_direct_basic" classname="helper_functions_test" time="0.009">
		</testcase>
		<testcase name="test_log_beta_function_direct_invalid_a_negative" classname="helper_functions_test" time="0.025">
		</testcase>
		<testcase name="test_lower_incomplete_gamma_regularized_z_zero" classname="helper_functions_test" time="0.010">
		</testcase>
		<testcase name="test_lower_incomplete_gamma_regularized_invalid_a_negative" classname="helper_functions_test" time="0.024">
		</testcase>
		<testcase name="test_lower_incomplete_gamma_regularized_invalid_z_negative" classname="helper_functions_test" time="0.024">
		</testcase>
		<testcase name="test_lower_incomplete_gamma_regularized_a_equals_one" classname="helper_functions_test" time="0.009">
		</testcase>
		<testcase name="test_lower_incomplete_gamma_regularized_small_z" classname="helper_functions_test" time="0.009">
		</testcase>
		<testcase name="test_lower_incomplete_gamma_regularized_large_z" classname="helper_functions_test" time="0.018">
		</testcase>
		<testcase name="test_lower_incomplete_gamma_regularized_monotonicity" classname="helper_functions_test" time="0.020">
		</testcase>
		<testcase name="test_lower_incomplete_gamma_regularized_bounds" classname="helper_functions_test" time="0.011">
		</testcase>
		<testcase name="test_lower_incomplete_gamma_regularized_convergence_warning" classname="helper_functions_test" time="0.010">
		</testcase>
		<testcase name="test_lower_incomplete_gamma_regularized_zero_z_different_a" classname="helper_functions_test" time="0.017">
		</testcase>
		<testcase name="test_incomplete_functions_beta_cdf_integration" classname="helper_functions_test" time="0.008">
		</testcase>
		<testcase name="test_incomplete_functions_gamma_cdf_integration" classname="helper_functions_test" time="0.009">
		</testcase>
		<testcase name="test_sanitize_numeric_array_mixed_types" classname="helper_functions_test" time="0.009">
		</testcase>
		<testcase name="test_sanitize_numeric_array_with_invalid_values" classname="helper_functions_test" time="0.009">
		</testcase>
		<testcase name="test_sanitize_numeric_array_is_sorted" classname="helper_functions_test" time="0.012">
		</testcase>
		<testcase name="test_sanitize_numeric_array_with_negative_values" classname="helper_functions_test" time="0.011">
		</testcase>
		<testcase name="test_sanitize_numeric_array_empty_input" classname="helper_functions_test" time="0.017">
		</testcase>
		<testcase name="test_lower_incomplete_gamma_regularized_known_value" classname="helper_functions_test" time="0.015">
		</testcase>
	</testsuite>
	<testsuite id="6" name="pmf_pdf_functions_test" package="addons/godot-stat-math/tests/core" timestamp="2025-06-20T10:53:31" hostname="localhost" tests="162" failures="0" errors="0" skipped="0" flaky="0" time="10.497">
		<testcase name="test_binomial_pmf_basic" classname="pmf_pdf_functions_test" time="0.023">
		</testcase>
		<testcase name="test_binomial_pmf_edge_cases:0 (0, 5, 0.5, 0.03125)" classname="pmf_pdf_functions_test" time="0.051">
		</testcase>
		<testcase name="test_binomial_pmf_edge_cases:1 (5, 5, 0.5, 0.03125)" classname="pmf_pdf_functions_test" time="0.043">
		</testcase>
		<testcase name="test_binomial_pmf_edge_cases:2 (6, 5, 0.5, 0.0)" classname="pmf_pdf_functions_test" time="0.044">
		</testcase>
		<testcase name="test_binomial_pmf_edge_cases:3 (0, 5, 0.0, 1.0)" classname="pmf_pdf_functions_test" time="0.045">
		</testcase>
		<testcase name="test_binomial_pmf_edge_cases:4 (5, 5, 1.0, 1.0)" classname="pmf_pdf_functions_test" time="0.049">
		</testcase>
		<testcase name="test_binomial_pmf_invalid_parameters" classname="pmf_pdf_functions_test" time="0.046">
		</testcase>
		<testcase name="test_poisson_pmf_basic" classname="pmf_pdf_functions_test" time="0.015">
		</testcase>
		<testcase name="test_poisson_pmf_edge_cases:0 (0, 3.0, exp(-3.0))" classname="pmf_pdf_functions_test" time="0.045">
		</testcase>
		<testcase name="test_poisson_pmf_edge_cases:1 (0, 0.0, 1.0)" classname="pmf_pdf_functions_test" time="0.047">
		</testcase>
		<testcase name="test_poisson_pmf_edge_cases:2 (-1, 3.0, 0.0)" classname="pmf_pdf_functions_test" time="0.049">
		</testcase>
		<testcase name="test_poisson_pmf_invalid_parameters" classname="pmf_pdf_functions_test" time="0.025">
		</testcase>
		<testcase name="test_negative_binomial_pmf_basic" classname="pmf_pdf_functions_test" time="0.007">
		</testcase>
		<testcase name="test_negative_binomial_pmf_edge_cases:0 (2, 2, 0.5, 0.25)" classname="pmf_pdf_functions_test" time="0.065">
		</testcase>
		<testcase name="test_negative_binomial_pmf_edge_cases:1 (1, 2, 0.5, 0.0)" classname="pmf_pdf_functions_test" time="0.044">
		</testcase>
		<testcase name="test_negative_binomial_pmf_edge_cases:2 (2, 2, 1.0, 1.0)" classname="pmf_pdf_functions_test" time="0.045">
		</testcase>
		<testcase name="test_negative_binomial_pmf_invalid_parameters" classname="pmf_pdf_functions_test" time="0.044">
		</testcase>
		<testcase name="test_normal_pdf_parametrized:0 (0.0, 0.0, 1.0, 1.0 / sqrt(2.0 * PI))" classname="pmf_pdf_functions_test" time="0.043">
		</testcase>
		<testcase name="test_normal_pdf_parametrized:1 (1.0, 0.0, 1.0, (1.0 / sqrt(2.0 * PI)) * exp(-0.5))" classname="pmf_pdf_functions_test" time="0.046">
		</testcase>
		<testcase name="test_normal_pdf_parametrized:2 (2.0, 2.0, 1.0, 1.0 / sqrt(2.0 * PI))" classname="pmf_pdf_functions_test" time="0.044">
		</testcase>
		<testcase name="test_normal_pdf_parametrized:3 (5.0, 3.0, 2.0, (1.0 / (2.0 * sqrt(2.0 * PI))) * exp(-0.5))" classname="pmf_pdf_functions_test" time="0.044">
		</testcase>
		<testcase name="test_normal_pdf_invalid_parameters" classname="pmf_pdf_functions_test" time="0.057">
		</testcase>
		<testcase name="test_exponential_pdf_parametrized:0 (0.0, 1.0, 1.0)" classname="pmf_pdf_functions_test" time="0.045">
		</testcase>
		<testcase name="test_exponential_pdf_parametrized:1 (1.0, 1.0, exp(-1.0))" classname="pmf_pdf_functions_test" time="0.044">
		</testcase>
		<testcase name="test_exponential_pdf_parametrized:2 (0.0, 2.0, 2.0)" classname="pmf_pdf_functions_test" time="0.044">
		</testcase>
		<testcase name="test_exponential_pdf_parametrized:3 (2.0, 0.5, 0.5 * exp(-1.0))" classname="pmf_pdf_functions_test" time="0.045">
		</testcase>
		<testcase name="test_exponential_pdf_parametrized:4 (-1.0, 1.0, 0.0)" classname="pmf_pdf_functions_test" time="0.043">
		</testcase>
		<testcase name="test_exponential_pdf_invalid_parameters" classname="pmf_pdf_functions_test" time="0.052">
		</testcase>
		<testcase name="test_uniform_pdf_parametrized:0 (2.5, 1.0, 4.0, 1.0/3.0)" classname="pmf_pdf_functions_test" time="0.043">
		</testcase>
		<testcase name="test_uniform_pdf_parametrized:1 (1.0, 1.0, 4.0, 1.0/3.0)" classname="pmf_pdf_functions_test" time="0.044">
		</testcase>
		<testcase name="test_uniform_pdf_parametrized:2 (4.0, 1.0, 4.0, 1.0/3.0)" classname="pmf_pdf_functions_test" time="0.046">
		</testcase>
		<testcase name="test_uniform_pdf_parametrized:3 (0.5, 1.0, 4.0, 0.0)" classname="pmf_pdf_functions_test" time="0.048">
		</testcase>
		<testcase name="test_uniform_pdf_parametrized:4 (4.5, 1.0, 4.0, 0.0)" classname="pmf_pdf_functions_test" time="0.045">
		</testcase>
		<testcase name="test_uniform_pdf_parametrized:5 (0.0, -2.0, 2.0, 0.25)" classname="pmf_pdf_functions_test" time="0.048">
		</testcase>
		<testcase name="test_uniform_pdf_invalid_parameters" classname="pmf_pdf_functions_test" time="0.045">
		</testcase>
		<testcase name="test_gamma_pdf_basic" classname="pmf_pdf_functions_test" time="0.015">
		</testcase>
		<testcase name="test_gamma_pdf_edge_cases:0 (0.0, 2.0, 1.0, 0.0)" classname="pmf_pdf_functions_test" time="0.046">
		</testcase>
		<testcase name="test_gamma_pdf_edge_cases:1 (-1.0, 2.0, 1.0, 0.0)" classname="pmf_pdf_functions_test" time="0.046">
		</testcase>
		<testcase name="test_gamma_pdf_invalid_parameters" classname="pmf_pdf_functions_test" time="0.084">
		</testcase>
		<testcase name="test_beta_pdf_scipy_validated" classname="pmf_pdf_functions_test" time="0.008">
		</testcase>
		<testcase name="test_beta_pdf_uniform_special_case:0 (0.2)" classname="pmf_pdf_functions_test" time="0.047">
		</testcase>
		<testcase name="test_beta_pdf_uniform_special_case:1 (0.4)" classname="pmf_pdf_functions_test" time="0.046">
		</testcase>
		<testcase name="test_beta_pdf_uniform_special_case:2 (0.6)" classname="pmf_pdf_functions_test" time="0.046">
		</testcase>
		<testcase name="test_beta_pdf_uniform_special_case:3 (0.8)" classname="pmf_pdf_functions_test" time="0.044">
		</testcase>
		<testcase name="test_beta_pdf_outside_range:0 (-0.1, 2.0, 2.0, 0.0)" classname="pmf_pdf_functions_test" time="0.046">
		</testcase>
		<testcase name="test_beta_pdf_outside_range:1 (1.1, 2.0, 2.0, 0.0)" classname="pmf_pdf_functions_test" time="0.045">
		</testcase>
		<testcase name="test_beta_pdf_symmetry:0 (0.3, 2.0, 2.0)" classname="pmf_pdf_functions_test" time="0.045">
		</testcase>
		<testcase name="test_beta_pdf_symmetry:1 (0.2, 3.0, 3.0)" classname="pmf_pdf_functions_test" time="0.045">
		</testcase>
		<testcase name="test_beta_pdf_symmetry:2 (0.4, 1.5, 1.5)" classname="pmf_pdf_functions_test" time="0.046">
		</testcase>
		<testcase name="test_beta_pdf_boundary_behavior" classname="pmf_pdf_functions_test" time="0.023">
		</testcase>
		<testcase name="test_beta_pdf_invalid_parameters" classname="pmf_pdf_functions_test" time="0.086">
		</testcase>
		<testcase name="test_chi_squared_pdf_scipy_validated" classname="pmf_pdf_functions_test" time="0.010">
		</testcase>
		<testcase name="test_chi_squared_pdf_edge_cases:0 (0.0, 2.0, 0.0)" classname="pmf_pdf_functions_test" time="0.042">
		</testcase>
		<testcase name="test_chi_squared_pdf_edge_cases:1 (-1.0, 2.0, 0.0)" classname="pmf_pdf_functions_test" time="0.043">
		</testcase>
		<testcase name="test_chi_squared_pdf_exponential_relationship:0 (1.0)" classname="pmf_pdf_functions_test" time="0.042">
		</testcase>
		<testcase name="test_chi_squared_pdf_exponential_relationship:1 (1.5)" classname="pmf_pdf_functions_test" time="0.043">
		</testcase>
		<testcase name="test_chi_squared_pdf_exponential_relationship:2 (2.0)" classname="pmf_pdf_functions_test" time="0.048">
		</testcase>
		<testcase name="test_chi_squared_pdf_exponential_relationship:3 (3.0)" classname="pmf_pdf_functions_test" time="0.045">
		</testcase>
		<testcase name="test_chi_squared_pdf_exponential_relationship:4 (5.0)" classname="pmf_pdf_functions_test" time="0.042">
		</testcase>
		<testcase name="test_chi_squared_pdf_gamma_relationship:0 (1.0)" classname="pmf_pdf_functions_test" time="0.043">
		</testcase>
		<testcase name="test_chi_squared_pdf_gamma_relationship:1 (2.0)" classname="pmf_pdf_functions_test" time="0.045">
		</testcase>
		<testcase name="test_chi_squared_pdf_gamma_relationship:2 (5.0)" classname="pmf_pdf_functions_test" time="0.042">
		</testcase>
		<testcase name="test_chi_squared_pdf_invalid_parameters" classname="pmf_pdf_functions_test" time="0.045">
		</testcase>
		<testcase name="test_t_pdf_scipy_validated" classname="pmf_pdf_functions_test" time="0.016">
		</testcase>
		<testcase name="test_t_pdf_special_cases:0 (0.0, 1000.0, 1.0 / sqrt(2.0 * PI), 1e-2)" classname="pmf_pdf_functions_test" time="0.044">
		</testcase>
		<testcase name="test_t_pdf_special_cases:1 (0.0, 1.0, 1.0 / PI, 1e-7)" classname="pmf_pdf_functions_test" time="0.045">
		</testcase>
		<testcase name="test_t_pdf_symmetry:0 (1.0, 5.0)" classname="pmf_pdf_functions_test" time="0.045">
		</testcase>
		<testcase name="test_t_pdf_symmetry:1 (2.0, 3.0)" classname="pmf_pdf_functions_test" time="0.044">
		</testcase>
		<testcase name="test_t_pdf_symmetry:2 (0.5, 10.0)" classname="pmf_pdf_functions_test" time="0.044">
		</testcase>
		<testcase name="test_t_pdf_invalid_parameters" classname="pmf_pdf_functions_test" time="0.052">
		</testcase>
		<testcase name="test_f_pdf_basic" classname="pmf_pdf_functions_test" time="0.017">
		</testcase>
		<testcase name="test_f_pdf_edge_cases:0 (0.0, 2.0, 3.0, 0.0)" classname="pmf_pdf_functions_test" time="0.045">
		</testcase>
		<testcase name="test_f_pdf_edge_cases:1 (-1.0, 2.0, 3.0, 0.0)" classname="pmf_pdf_functions_test" time="0.068">
		</testcase>
		<testcase name="test_f_pdf_invalid_parameters" classname="pmf_pdf_functions_test" time="0.067">
		</testcase>
		<testcase name="test_gamma_pdf_exponential_special_case:0 (0.5)" classname="pmf_pdf_functions_test" time="0.045">
		</testcase>
		<testcase name="test_gamma_pdf_exponential_special_case:1 (1.0)" classname="pmf_pdf_functions_test" time="0.060">
		</testcase>
		<testcase name="test_gamma_pdf_exponential_special_case:2 (2.0)" classname="pmf_pdf_functions_test" time="0.044">
		</testcase>
		<testcase name="test_gamma_pdf_exponential_special_case:3 (3.0)" classname="pmf_pdf_functions_test" time="0.043">
		</testcase>
		<testcase name="test_normal_pdf_non_negative:0 (-2.0)" classname="pmf_pdf_functions_test" time="0.043">
		</testcase>
		<testcase name="test_normal_pdf_non_negative:1 (-1.0)" classname="pmf_pdf_functions_test" time="0.043">
		</testcase>
		<testcase name="test_normal_pdf_non_negative:2 (0.0)" classname="pmf_pdf_functions_test" time="0.044">
		</testcase>
		<testcase name="test_normal_pdf_non_negative:3 (1.0)" classname="pmf_pdf_functions_test" time="0.045">
		</testcase>
		<testcase name="test_normal_pdf_non_negative:4 (2.0)" classname="pmf_pdf_functions_test" time="0.046">
		</testcase>
		<testcase name="test_normal_pdf_non_negative:5 (5.0)" classname="pmf_pdf_functions_test" time="0.045">
		</testcase>
		<testcase name="test_exponential_pdf_non_negative:0 (-2.0)" classname="pmf_pdf_functions_test" time="0.046">
		</testcase>
		<testcase name="test_exponential_pdf_non_negative:1 (-1.0)" classname="pmf_pdf_functions_test" time="0.044">
		</testcase>
		<testcase name="test_exponential_pdf_non_negative:2 (0.0)" classname="pmf_pdf_functions_test" time="0.043">
		</testcase>
		<testcase name="test_exponential_pdf_non_negative:3 (1.0)" classname="pmf_pdf_functions_test" time="0.045">
		</testcase>
		<testcase name="test_exponential_pdf_non_negative:4 (2.0)" classname="pmf_pdf_functions_test" time="0.044">
		</testcase>
		<testcase name="test_exponential_pdf_non_negative:5 (5.0)" classname="pmf_pdf_functions_test" time="0.050">
		</testcase>
		<testcase name="test_uniform_pdf_non_negative:0 (-2.0)" classname="pmf_pdf_functions_test" time="0.045">
		</testcase>
		<testcase name="test_uniform_pdf_non_negative:1 (-1.0)" classname="pmf_pdf_functions_test" time="0.048">
		</testcase>
		<testcase name="test_uniform_pdf_non_negative:2 (0.0)" classname="pmf_pdf_functions_test" time="0.042">
		</testcase>
		<testcase name="test_uniform_pdf_non_negative:3 (1.0)" classname="pmf_pdf_functions_test" time="0.046">
		</testcase>
		<testcase name="test_uniform_pdf_non_negative:4 (2.0)" classname="pmf_pdf_functions_test" time="0.044">
		</testcase>
		<testcase name="test_uniform_pdf_non_negative:5 (5.0)" classname="pmf_pdf_functions_test" time="0.043">
		</testcase>
		<testcase name="test_beta_pdf_non_negative:0 (0.1)" classname="pmf_pdf_functions_test" time="0.044">
		</testcase>
		<testcase name="test_beta_pdf_non_negative:1 (0.3)" classname="pmf_pdf_functions_test" time="0.044">
		</testcase>
		<testcase name="test_beta_pdf_non_negative:2 (0.5)" classname="pmf_pdf_functions_test" time="0.045">
		</testcase>
		<testcase name="test_beta_pdf_non_negative:3 (0.7)" classname="pmf_pdf_functions_test" time="0.043">
		</testcase>
		<testcase name="test_beta_pdf_non_negative:4 (0.9)" classname="pmf_pdf_functions_test" time="0.046">
		</testcase>
		<testcase name="test_chi_squared_pdf_non_negative:0 (-2.0)" classname="pmf_pdf_functions_test" time="0.045">
		</testcase>
		<testcase name="test_chi_squared_pdf_non_negative:1 (-1.0)" classname="pmf_pdf_functions_test" time="0.043">
		</testcase>
		<testcase name="test_chi_squared_pdf_non_negative:2 (0.0)" classname="pmf_pdf_functions_test" time="0.044">
		</testcase>
		<testcase name="test_chi_squared_pdf_non_negative:3 (1.0)" classname="pmf_pdf_functions_test" time="0.044">
		</testcase>
		<testcase name="test_chi_squared_pdf_non_negative:4 (2.0)" classname="pmf_pdf_functions_test" time="0.054">
		</testcase>
		<testcase name="test_chi_squared_pdf_non_negative:5 (5.0)" classname="pmf_pdf_functions_test" time="0.055">
		</testcase>
		<testcase name="test_pdf_numerical_stability:0 (100.0, &apos;normal&apos;)" classname="pmf_pdf_functions_test" time="0.046">
		</testcase>
		<testcase name="test_pdf_numerical_stability:1 (100.0, &apos;exponential&apos;)" classname="pmf_pdf_functions_test" time="0.043">
		</testcase>
		<testcase name="test_pdf_numerical_stability:2 (100.0, &apos;gamma&apos;)" classname="pmf_pdf_functions_test" time="0.045">
		</testcase>
		<testcase name="test_pdf_numerical_stability:3 (1000.0, &apos;normal&apos;)" classname="pmf_pdf_functions_test" time="0.045">
		</testcase>
		<testcase name="test_pdf_numerical_stability:4 (1000.0, &apos;exponential&apos;)" classname="pmf_pdf_functions_test" time="0.043">
		</testcase>
		<testcase name="test_pdf_integration_approximation:0 (&apos;normal&apos;)" classname="pmf_pdf_functions_test" time="0.046">
		</testcase>
		<testcase name="test_pdf_integration_approximation:1 (&apos;exponential&apos;)" classname="pmf_pdf_functions_test" time="0.045">
		</testcase>
		<testcase name="test_pdf_integration_approximation:2 (&apos;beta&apos;)" classname="pmf_pdf_functions_test" time="0.046">
		</testcase>
		<testcase name="test_weibull_pdf_scipy_validated" classname="pmf_pdf_functions_test" time="0.023">
		</testcase>
		<testcase name="test_weibull_pdf_edge_cases:0 (0.0, 1.0, 2.0, 0.0)" classname="pmf_pdf_functions_test" time="0.045">
		</testcase>
		<testcase name="test_weibull_pdf_edge_cases:1 (-1.0, 1.0, 2.0, 0.0)" classname="pmf_pdf_functions_test" time="0.045">
		</testcase>
		<testcase name="test_weibull_pdf_edge_cases:2 (0.0, 1.0, 0.5, INF)" classname="pmf_pdf_functions_test" time="0.046">
		</testcase>
		<testcase name="test_weibull_pdf_edge_cases:3 (0.0, 1.0, 1.0, 1.0)" classname="pmf_pdf_functions_test" time="0.046">
		</testcase>
		<testcase name="test_weibull_pdf_exponential_special_case:0 (0.5)" classname="pmf_pdf_functions_test" time="0.042">
		</testcase>
		<testcase name="test_weibull_pdf_exponential_special_case:1 (1.0)" classname="pmf_pdf_functions_test" time="0.045">
		</testcase>
		<testcase name="test_weibull_pdf_exponential_special_case:2 (2.0)" classname="pmf_pdf_functions_test" time="0.045">
		</testcase>
		<testcase name="test_weibull_pdf_exponential_special_case:3 (3.0)" classname="pmf_pdf_functions_test" time="0.047">
		</testcase>
		<testcase name="test_weibull_pdf_rayleigh_special_case:0 (0.5)" classname="pmf_pdf_functions_test" time="0.047">
		</testcase>
		<testcase name="test_weibull_pdf_rayleigh_special_case:1 (1.0)" classname="pmf_pdf_functions_test" time="0.046">
		</testcase>
		<testcase name="test_weibull_pdf_rayleigh_special_case:2 (1.5)" classname="pmf_pdf_functions_test" time="0.050">
		</testcase>
		<testcase name="test_weibull_pdf_rayleigh_special_case:3 (2.0)" classname="pmf_pdf_functions_test" time="0.045">
		</testcase>
		<testcase name="test_weibull_pdf_monotonicity" classname="pmf_pdf_functions_test" time="0.022">
		</testcase>
		<testcase name="test_weibull_pdf_boundary_conditions:0 (0.0, 1.0, 0.5)" classname="pmf_pdf_functions_test" time="0.046">
		</testcase>
		<testcase name="test_weibull_pdf_boundary_conditions:1 (0.0, 1.0, 1.0)" classname="pmf_pdf_functions_test" time="0.046">
		</testcase>
		<testcase name="test_weibull_pdf_boundary_conditions:2 (0.0, 1.0, 2.0)" classname="pmf_pdf_functions_test" time="0.043">
		</testcase>
		<testcase name="test_weibull_pdf_boundary_conditions:3 (1000.0, 1.0, 2.0)" classname="pmf_pdf_functions_test" time="0.046">
		</testcase>
		<testcase name="test_weibull_pdf_deterministic_behavior" classname="pmf_pdf_functions_test" time="0.024">
		</testcase>
		<testcase name="test_weibull_pdf_non_negative:0 (-2.0)" classname="pmf_pdf_functions_test" time="0.045">
		</testcase>
		<testcase name="test_weibull_pdf_non_negative:1 (-1.0)" classname="pmf_pdf_functions_test" time="0.047">
		</testcase>
		<testcase name="test_weibull_pdf_non_negative:2 (0.0)" classname="pmf_pdf_functions_test" time="0.046">
		</testcase>
		<testcase name="test_weibull_pdf_non_negative:3 (1.0)" classname="pmf_pdf_functions_test" time="0.048">
		</testcase>
		<testcase name="test_weibull_pdf_non_negative:4 (2.0)" classname="pmf_pdf_functions_test" time="0.045">
		</testcase>
		<testcase name="test_weibull_pdf_non_negative:5 (5.0)" classname="pmf_pdf_functions_test" time="0.046">
		</testcase>
		<testcase name="test_weibull_pdf_invalid_parameters" classname="pmf_pdf_functions_test" time="0.080">
		</testcase>
		<testcase name="test_lognormal_pdf_scipy_validated" classname="pmf_pdf_functions_test" time="0.010">
		</testcase>
		<testcase name="test_lognormal_pdf_edge_cases:0 (0.0, 0.0, 1.0, 0.0)" classname="pmf_pdf_functions_test" time="0.045">
		</testcase>
		<testcase name="test_lognormal_pdf_edge_cases:1 (-1.0, 0.0, 1.0, 0.0)" classname="pmf_pdf_functions_test" time="0.042">
		</testcase>
		<testcase name="test_lognormal_pdf_relationship_to_normal" classname="pmf_pdf_functions_test" time="0.024">
		</testcase>
		<testcase name="test_lognormal_pdf_non_negative:0 (-2.0)" classname="pmf_pdf_functions_test" time="0.048">
		</testcase>
		<testcase name="test_lognormal_pdf_non_negative:1 (-1.0)" classname="pmf_pdf_functions_test" time="0.046">
		</testcase>
		<testcase name="test_lognormal_pdf_non_negative:2 (0.0)" classname="pmf_pdf_functions_test" time="0.047">
		</testcase>
		<testcase name="test_lognormal_pdf_non_negative:3 (1.0)" classname="pmf_pdf_functions_test" time="0.047">
		</testcase>
		<testcase name="test_lognormal_pdf_non_negative:4 (2.0)" classname="pmf_pdf_functions_test" time="0.050">
		</testcase>
		<testcase name="test_lognormal_pdf_non_negative:5 (5.0)" classname="pmf_pdf_functions_test" time="0.043">
		</testcase>
		<testcase name="test_lognormal_pdf_invalid_parameters" classname="pmf_pdf_functions_test" time="0.052">
		</testcase>
		<testcase name="test_pdf_integration_normal" classname="pmf_pdf_functions_test" time="0.018">
		</testcase>
		<testcase name="test_pdf_integration_exponential" classname="pmf_pdf_functions_test" time="0.010">
		</testcase>
		<testcase name="test_pdf_integration_uniform" classname="pmf_pdf_functions_test" time="0.017">
		</testcase>
		<testcase name="test_pdf_integration_beta" classname="pmf_pdf_functions_test" time="0.015">
		</testcase>
		<testcase name="test_pdf_integration_gamma" classname="pmf_pdf_functions_test" time="0.011">
		</testcase>
		<testcase name="test_pdf_integration_weibull" classname="pmf_pdf_functions_test" time="0.017">
		</testcase>
		<testcase name="test_pdf_integration_lognormal" classname="pmf_pdf_functions_test" time="0.012">
		</testcase>
		<testcase name="test_pdf_integration_parametrized:0 (&apos;normal&apos;)" classname="pmf_pdf_functions_test" time="0.048">
		</testcase>
		<testcase name="test_pdf_integration_parametrized:1 (&apos;exponential&apos;)" classname="pmf_pdf_functions_test" time="0.045">
		</testcase>
		<testcase name="test_pdf_integration_parametrized:2 (&apos;beta&apos;)" classname="pmf_pdf_functions_test" time="0.049">
		</testcase>
	</testsuite>
	<testsuite id="7" name="ppf_functions_test" package="addons/godot-stat-math/tests/core" timestamp="2025-06-20T10:53:42" hostname="localhost" tests="95" failures="1" errors="0" skipped="0" flaky="0" time="0.113">
		<testcase name="test_normal_ppf_scipy_validation_parametrized:0 (0.025, 0.0, 1.0, -1.95996398)" classname="ppf_functions_test" time="0.066">
			<failure message="FAILED: res://addons/godot-stat-math/tests/core/ppf_functions_test.gd:33" type="FAILURE">
<![CDATA[
Expecting:
 '-1.959963'
 in range between
 '-1.959965' <> '-1.959963'
]]>
			</failure>
		</testcase>
	</testsuite>
	<testsuite id="8" name="sampling_gen_test" package="addons/godot-stat-math/tests/core" timestamp="2025-06-20T10:53:42" hostname="localhost" tests="37" failures="0" errors="0" skipped="0" flaky="0" time="1.723">
		<testcase name="test_generate_samples_unified_interface_dimensions" classname="sampling_gen_test" time="0.042">
		</testcase>
		<testcase name="test_generate_samples_unified_interface_starting_index" classname="sampling_gen_test" time="0.042">
		</testcase>
		<testcase name="test_generate_samples_unified_interface_edge_cases" classname="sampling_gen_test" time="0.039">
		</testcase>
		<testcase name="test_generate_samples_nd_basic" classname="sampling_gen_test" time="0.023">
		</testcase>
		<testcase name="test_generate_samples_nd_high_dimensions" classname="sampling_gen_test" time="0.021">
		</testcase>
		<testcase name="test_generate_samples_nd_starting_index_determinism" classname="sampling_gen_test" time="0.021">
		</testcase>
		<testcase name="test_generate_samples_nd_all_methods" classname="sampling_gen_test" time="0.022">
		</testcase>
		<testcase name="test_coordinated_shuffle_basic" classname="sampling_gen_test" time="0.021">
		</testcase>
		<testcase name="test_coordinated_shuffle_deterministic" classname="sampling_gen_test" time="0.019">
		</testcase>
		<testcase name="test_coordinated_shuffle_edge_cases" classname="sampling_gen_test" time="0.023">
		</testcase>
		<testcase name="test_coordinated_batch_shuffles" classname="sampling_gen_test" time="0.022">
		</testcase>
		<testcase name="test_coordinated_batch_shuffles_starting_index" classname="sampling_gen_test" time="0.020">
		</testcase>
		<testcase name="test_coordinated_sampling_alternative" classname="sampling_gen_test" time="0.020">
		</testcase>
		<testcase name="test_coordinated_sampling_deterministic" classname="sampling_gen_test" time="0.021">
		</testcase>
		<testcase name="test_coordinated_sampling_performance_comparison" classname="sampling_gen_test" time="0.024">
		</testcase>
		<testcase name="test_generate_samples_1d_random_basic" classname="sampling_gen_test" time="0.019">
		</testcase>
		<testcase name="test_generate_samples_1d_edge_cases" classname="sampling_gen_test" time="0.011">
		</testcase>
		<testcase name="test_generate_samples_1d_sobol_deterministic" classname="sampling_gen_test" time="0.030">
		</testcase>
		<testcase name="test_generate_samples_1d_halton_deterministic" classname="sampling_gen_test" time="0.017">
		</testcase>
		<testcase name="test_generate_samples_1d_seeded_reproducibility" classname="sampling_gen_test" time="0.017">
		</testcase>
		<testcase name="test_generate_samples_1d_latin_hypercube_stratification" classname="sampling_gen_test" time="0.009">
		</testcase>
		<testcase name="test_generate_samples_2d_basic" classname="sampling_gen_test" time="0.011">
		</testcase>
		<testcase name="test_generate_samples_2d_sobol_deterministic" classname="sampling_gen_test" time="0.025">
		</testcase>
		<testcase name="test_sample_indices_with_replacement_basic" classname="sampling_gen_test" time="0.010">
		</testcase>
		<testcase name="test_sample_indices_without_replacement_basic" classname="sampling_gen_test" time="0.009">
		</testcase>
		<testcase name="test_sample_indices_hybrid_combinations" classname="sampling_gen_test" time="0.011">
		</testcase>
		<testcase name="test_sample_indices_seeded_reproducibility" classname="sampling_gen_test" time="0.012">
		</testcase>
		<testcase name="test_sample_indices_parameter_validation" classname="sampling_gen_test" time="0.059">
		</testcase>
		<testcase name="test_sample_indices_edge_cases" classname="sampling_gen_test" time="0.010">
		</testcase>
		<testcase name="test_card_game_dealing" classname="sampling_gen_test" time="0.012">
		</testcase>
		<testcase name="test_dice_rolling_simulation" classname="sampling_gen_test" time="0.013">
		</testcase>
		<testcase name="test_royal_flush_simulation_demo" classname="sampling_gen_test" time="0.014">
		</testcase>
		<testcase name="test_large_scale_sampling" classname="sampling_gen_test" time="0.022">
		</testcase>
		<testcase name="test_bootstrap_sampling_pattern" classname="sampling_gen_test" time="0.013">
		</testcase>
		<testcase name="test_threading_performance_basic" classname="sampling_gen_test" time="0.011">
		</testcase>
		<testcase name="test_global_rng_determinism" classname="sampling_gen_test" time="0.016">
		</testcase>
		<testcase name="test_starting_index_sobol_sequence_continuity" classname="sampling_gen_test" time="0.011">
		</testcase>
	</testsuite>
</testsuites>
