<?xml version="1.0" encoding="UTF-8" ?>
<testsuites id="2025-06-20" name="report_15" tests="60" failures="0" skipped="0" flaky="0" time="0.000">
	<testsuite id="0" name="basic_stats_test" package="addons/godot-stat-math/tests/core" timestamp="2025-06-20T21:46:02" hostname="localhost" tests="60" failures="0" errors="0" skipped="0" flaky="0" time="2.331">
		<testcase name="test_mean_simple_data" classname="basic_stats_test" time="0.019">
		</testcase>
		<testcase name="test_mean_decimal_data" classname="basic_stats_test" time="0.014">
		</testcase>
		<testcase name="test_mean_single_value" classname="basic_stats_test" time="0.014">
		</testcase>
		<testcase name="test_mean_empty_array" classname="basic_stats_test" time="0.028">
		</testcase>
		<testcase name="test_median_odd_count" classname="basic_stats_test" time="0.007">
		</testcase>
		<testcase name="test_median_even_count" classname="basic_stats_test" time="0.007">
		</testcase>
		<testcase name="test_median_unsorted_data" classname="basic_stats_test" time="0.013">
		</testcase>
		<testcase name="test_median_with_unsorted_array_violation" classname="basic_stats_test" time="0.013">
		</testcase>
		<testcase name="test_median_enhanced_decimal_precision" classname="basic_stats_test" time="0.006">
		</testcase>
		<testcase name="test_median_with_repeated_decimal_values" classname="basic_stats_test" time="0.007">
		</testcase>
		<testcase name="test_median_single_value" classname="basic_stats_test" time="0.007">
		</testcase>
		<testcase name="test_median_empty_array" classname="basic_stats_test" time="0.029">
		</testcase>
		<testcase name="test_variance_simple_data" classname="basic_stats_test" time="0.008">
		</testcase>
		<testcase name="test_variance_single_value" classname="basic_stats_test" time="0.018">
		</testcase>
		<testcase name="test_variance_empty_array" classname="basic_stats_test" time="0.031">
		</testcase>
		<testcase name="test_standard_deviation_simple_data" classname="basic_stats_test" time="0.017">
		</testcase>
		<testcase name="test_standard_deviation_single_value" classname="basic_stats_test" time="0.009">
		</testcase>
		<testcase name="test_standard_deviation_empty_array" classname="basic_stats_test" time="0.022">
		</testcase>
		<testcase name="test_sample_variance_simple_data" classname="basic_stats_test" time="0.025">
		</testcase>
		<testcase name="test_sample_variance_two_values" classname="basic_stats_test" time="0.007">
		</testcase>
		<testcase name="test_sample_variance_single_value" classname="basic_stats_test" time="0.028">
		</testcase>
		<testcase name="test_sample_standard_deviation_simple_data" classname="basic_stats_test" time="0.007">
		</testcase>
		<testcase name="test_sample_standard_deviation_single_value" classname="basic_stats_test" time="0.029">
		</testcase>
		<testcase name="test_median_absolute_deviation_simple_data" classname="basic_stats_test" time="0.007">
		</testcase>
		<testcase name="test_median_absolute_deviation_single_value" classname="basic_stats_test" time="0.016">
		</testcase>
		<testcase name="test_median_absolute_deviation_empty_array" classname="basic_stats_test" time="0.028">
		</testcase>
		<testcase name="test_range_spread_simple_data" classname="basic_stats_test" time="0.014">
		</testcase>
		<testcase name="test_range_spread_single_value" classname="basic_stats_test" time="0.007">
		</testcase>
		<testcase name="test_range_spread_empty_array" classname="basic_stats_test" time="0.027">
		</testcase>
		<testcase name="test_minimum_simple_data" classname="basic_stats_test" time="0.007">
		</testcase>
		<testcase name="test_minimum_empty_array" classname="basic_stats_test" time="0.022">
		</testcase>
		<testcase name="test_maximum_simple_data" classname="basic_stats_test" time="0.007">
		</testcase>
		<testcase name="test_maximum_empty_array" classname="basic_stats_test" time="0.029">
		</testcase>
		<testcase name="test_summary_statistics_structure" classname="basic_stats_test" time="0.007">
		</testcase>
		<testcase name="test_summary_statistics_empty_array" classname="basic_stats_test" time="0.028">
		</testcase>
		<testcase name="test_percentile_simple_data" classname="basic_stats_test" time="0.014">
		</testcase>
		<testcase name="test_percentile_interpolation" classname="basic_stats_test" time="0.007">
		</testcase>
		<testcase name="test_percentile_enhanced_decimal_precision" classname="basic_stats_test" time="0.007">
		</testcase>
		<testcase name="test_percentile_single_value" classname="basic_stats_test" time="0.014">
		</testcase>
		<testcase name="test_percentile_empty_array" classname="basic_stats_test" time="0.028">
		</testcase>
		<testcase name="test_percentile_invalid_percentile" classname="basic_stats_test" time="0.043">
		</testcase>
		<testcase name="test_mean_enhanced_decimal_precision" classname="basic_stats_test" time="0.014">
		</testcase>
		<testcase name="test_variance_enhanced_decimal_precision" classname="basic_stats_test" time="0.007">
		</testcase>
		<testcase name="test_standard_deviation_enhanced_decimal_precision" classname="basic_stats_test" time="0.007">
		</testcase>
		<testcase name="test_right_skewed_data_behavior" classname="basic_stats_test" time="0.017">
		</testcase>
		<testcase name="test_left_skewed_data_behavior" classname="basic_stats_test" time="0.007">
		</testcase>
		<testcase name="test_heavy_tailed_data_robustness" classname="basic_stats_test" time="0.007">
		</testcase>
		<testcase name="test_bimodal_data_characteristics" classname="basic_stats_test" time="0.015">
		</testcase>
		<testcase name="test_power_law_data_handling" classname="basic_stats_test" time="0.008">
		</testcase>
		<testcase name="test_very_large_numbers_stability" classname="basic_stats_test" time="0.007">
		</testcase>
		<testcase name="test_very_small_numbers_precision" classname="basic_stats_test" time="0.014">
		</testcase>
		<testcase name="test_mixed_magnitude_data_robustness" classname="basic_stats_test" time="0.007">
		</testcase>
		<testcase name="test_close_numbers_precision_stability" classname="basic_stats_test" time="0.007">
		</testcase>
		<testcase name="test_identical_values_numerical_stability" classname="basic_stats_test" time="0.016">
		</testcase>
		<testcase name="test_integer_like_float_precision" classname="basic_stats_test" time="0.007">
		</testcase>
		<testcase name="test_mixed_integer_float_consistency" classname="basic_stats_test" time="0.007">
		</testcase>
		<testcase name="test_single_element_comprehensive_zero" classname="basic_stats_test" time="0.015">
		</testcase>
		<testcase name="test_single_element_comprehensive_negative" classname="basic_stats_test" time="0.008">
		</testcase>
		<testcase name="test_single_element_extreme_values" classname="basic_stats_test" time="0.008">
		</testcase>
		<testcase name="test_single_element_summary_statistics_consistency" classname="basic_stats_test" time="0.042">
		</testcase>
	</testsuite>
</testsuites>
