<?xml version="1.0" encoding="UTF-8" ?>
<testsuites id="2025-06-24" name="report_6" tests="12" failures="0" skipped="0" flaky="0" time="0.000">
	<testsuite id="0" name="scipy_validation_test" package="addons/godot-stat-math/tests/core/error_functions" timestamp="2025-06-24T15:30:01" hostname="localhost" tests="12" failures="0" errors="0" skipped="0" flaky="0" time="0.428">
		<testcase name="test_error_function_zero" classname="scipy_validation_test" time="0.012">
		</testcase>
		<testcase name="test_error_function_positive" classname="scipy_validation_test" time="0.014">
		</testcase>
		<testcase name="test_error_function_negative" classname="scipy_validation_test" time="0.009">
		</testcase>
		<testcase name="test_error_function_large_positive" classname="scipy_validation_test" time="0.008">
		</testcase>
		<testcase name="test_error_function_large_negative" classname="scipy_validation_test" time="0.009">
		</testcase>
		<testcase name="test_complementary_error_function_zero" classname="scipy_validation_test" time="0.009">
		</testcase>
		<testcase name="test_complementary_error_function_positive" classname="scipy_validation_test" time="0.016">
		</testcase>
		<testcase name="test_complementary_error_function_negative" classname="scipy_validation_test" time="0.008">
		</testcase>
		<testcase name="test_gamma_integer" classname="scipy_validation_test" time="0.007">
		</testcase>
		<testcase name="test_gamma_half_integer" classname="scipy_validation_test" time="0.008">
		</testcase>
		<testcase name="test_erf_inv_scipy_validated" classname="scipy_validation_test" time="0.009">
		</testcase>
		<testcase name="test_erfc_inv_scipy_validated" classname="scipy_validation_test" time="0.009">
		</testcase>
	</testsuite>
</testsuites>
