<?xml version="1.0" encoding="UTF-8" ?>
<testsuites id="2025-06-24" name="report_6" tests="51" failures="0" skipped="0" flaky="0" time="0.000">
	<testsuite id="0" name="mathematical_property_test" package="addons/godot-stat-math/tests/core/basic_stats" timestamp="2025-06-24T15:14:53" hostname="localhost" tests="20" failures="0" errors="0" skipped="0" flaky="0" time="0.709">
		<testcase name="test_median_unsorted_data" classname="mathematical_property_test" time="0.027">
		</testcase>
		<testcase name="test_median_with_unsorted_array_violation" classname="mathematical_property_test" time="0.007">
		</testcase>
		<testcase name="test_median_enhanced_decimal_precision" classname="mathematical_property_test" time="0.007">
		</testcase>
		<testcase name="test_median_with_repeated_decimal_values" classname="mathematical_property_test" time="0.014">
		</testcase>
		<testcase name="test_right_skewed_data_behavior" classname="mathematical_property_test" time="0.008">
		</testcase>
		<testcase name="test_left_skewed_data_behavior" classname="mathematical_property_test" time="0.008">
		</testcase>
		<testcase name="test_heavy_tailed_data_robustness" classname="mathematical_property_test" time="0.014">
		</testcase>
		<testcase name="test_bimodal_data_characteristics" classname="mathematical_property_test" time="0.007">
		</testcase>
		<testcase name="test_power_law_data_handling" classname="mathematical_property_test" time="0.008">
		</testcase>
		<testcase name="test_very_large_numbers_stability" classname="mathematical_property_test" time="0.014">
		</testcase>
		<testcase name="test_very_small_numbers_precision" classname="mathematical_property_test" time="0.007">
		</testcase>
		<testcase name="test_mixed_magnitude_data_robustness" classname="mathematical_property_test" time="0.010">
		</testcase>
		<testcase name="test_close_numbers_precision_stability" classname="mathematical_property_test" time="0.008">
		</testcase>
		<testcase name="test_identical_values_numerical_stability" classname="mathematical_property_test" time="0.010">
		</testcase>
		<testcase name="test_integer_like_float_precision" classname="mathematical_property_test" time="0.008">
		</testcase>
		<testcase name="test_variance_standard_deviation_relationship" classname="mathematical_property_test" time="0.008">
		</testcase>
		<testcase name="test_median_absolute_deviation_basic_properties" classname="mathematical_property_test" time="0.008">
		</testcase>
		<testcase name="test_percentile_boundary_properties" classname="mathematical_property_test" time="0.008">
		</testcase>
		<testcase name="test_percentile_median_property" classname="mathematical_property_test" time="0.015">
		</testcase>
		<testcase name="test_summary_statistics_consistency" classname="mathematical_property_test" time="0.008">
		</testcase>
	</testsuite>
	<testsuite id="1" name="parameter_validation_test" package="addons/godot-stat-math/tests/core/basic_stats" timestamp="2025-06-24T15:14:54" hostname="localhost" tests="13" failures="0" errors="0" skipped="0" flaky="0" time="0.683">
		<testcase name="test_mean_empty_array" classname="parameter_validation_test" time="0.034">
		</testcase>
		<testcase name="test_median_empty_array" classname="parameter_validation_test" time="0.034">
		</testcase>
		<testcase name="test_variance_empty_array" classname="parameter_validation_test" time="0.035">
		</testcase>
		<testcase name="test_standard_deviation_empty_array" classname="parameter_validation_test" time="0.031">
		</testcase>
		<testcase name="test_sample_variance_single_value" classname="parameter_validation_test" time="0.023">
		</testcase>
		<testcase name="test_sample_standard_deviation_single_value" classname="parameter_validation_test" time="0.021">
		</testcase>
		<testcase name="test_range_spread_empty_array" classname="parameter_validation_test" time="0.021">
		</testcase>
		<testcase name="test_minimum_empty_array" classname="parameter_validation_test" time="0.029">
		</testcase>
		<testcase name="test_maximum_empty_array" classname="parameter_validation_test" time="0.034">
		</testcase>
		<testcase name="test_median_absolute_deviation_empty_array" classname="parameter_validation_test" time="0.042">
		</testcase>
		<testcase name="test_percentile_empty_array" classname="parameter_validation_test" time="0.034">
		</testcase>
		<testcase name="test_percentile_value_out_of_range" classname="parameter_validation_test" time="0.046">
		</testcase>
		<testcase name="test_summary_statistics_empty_array" classname="parameter_validation_test" time="0.034">
		</testcase>
	</testsuite>
	<testsuite id="2" name="scipy_validation_test" package="addons/godot-stat-math/tests/core/basic_stats" timestamp="2025-06-24T15:14:54" hostname="localhost" tests="18" failures="0" errors="0" skipped="0" flaky="0" time="0.643">
		<testcase name="test_mean_bimodal_data" classname="scipy_validation_test" time="0.016">
		</testcase>
		<testcase name="test_mean_integer_like_floats" classname="scipy_validation_test" time="0.007">
		</testcase>
		<testcase name="test_mean_single_value" classname="scipy_validation_test" time="0.029">
		</testcase>
		<testcase name="test_median_odd_count" classname="scipy_validation_test" time="0.014">
		</testcase>
		<testcase name="test_median_even_count" classname="scipy_validation_test" time="0.013">
		</testcase>
		<testcase name="test_median_single_value" classname="scipy_validation_test" time="0.015">
		</testcase>
		<testcase name="test_variance_bimodal_data" classname="scipy_validation_test" time="0.007">
		</testcase>
		<testcase name="test_variance_single_value" classname="scipy_validation_test" time="0.008">
		</testcase>
		<testcase name="test_standard_deviation_bimodal_data" classname="scipy_validation_test" time="0.007">
		</testcase>
		<testcase name="test_standard_deviation_single_value" classname="scipy_validation_test" time="0.014">
		</testcase>
		<testcase name="test_sample_variance_bimodal_data" classname="scipy_validation_test" time="0.008">
		</testcase>
		<testcase name="test_sample_variance_very_large_numbers" classname="scipy_validation_test" time="0.008">
		</testcase>
		<testcase name="test_sample_standard_deviation_bimodal_data" classname="scipy_validation_test" time="0.014">
		</testcase>
		<testcase name="test_median_absolute_deviation_bimodal_data" classname="scipy_validation_test" time="0.008">
		</testcase>
		<testcase name="test_range_spread_bimodal_data" classname="scipy_validation_test" time="0.008">
		</testcase>
		<testcase name="test_minimum_bimodal_data" classname="scipy_validation_test" time="0.015">
		</testcase>
		<testcase name="test_maximum_bimodal_data" classname="scipy_validation_test" time="0.008">
		</testcase>
		<testcase name="test_percentile_scipy_validation" classname="scipy_validation_test" time="0.007">
		</testcase>
	</testsuite>
</testsuites>
