<?xml version="1.0" encoding="UTF-8" ?>
<testsuites id="2025-06-20" name="report_69" tests="11" failures="0" skipped="0" flaky="0" time="0.000">
	<testsuite id="0" name="cdf_pdf_integration_test" package="addons/godot-stat-math/tests/core" timestamp="2025-06-20T11:09:26" hostname="localhost" tests="11" failures="0" errors="0" skipped="0" flaky="0" time="0.389">
		<testcase name="test_normal_cdf_pdf_derivative_relationship" classname="cdf_pdf_integration_test" time="0.012">
		</testcase>
		<testcase name="test_exponential_cdf_pdf_derivative_relationship" classname="cdf_pdf_integration_test" time="0.010">
		</testcase>
		<testcase name="test_uniform_cdf_pdf_derivative_relationship" classname="cdf_pdf_integration_test" time="0.010">
		</testcase>
		<testcase name="test_beta_cdf_pdf_derivative_relationship" classname="cdf_pdf_integration_test" time="0.009">
		</testcase>
		<testcase name="test_gamma_cdf_pdf_probability_consistency" classname="cdf_pdf_integration_test" time="0.013">
		</testcase>
		<testcase name="test_weibull_cdf_pdf_derivative_relationship" classname="cdf_pdf_integration_test" time="0.007">
		</testcase>
		<testcase name="test_cdf_monotonicity_all_distributions" classname="cdf_pdf_integration_test" time="0.011">
		</testcase>
		<testcase name="test_end_to_end_normal_distribution_workflow" classname="cdf_pdf_integration_test" time="0.017">
		</testcase>
		<testcase name="test_cross_function_probability_consistency" classname="cdf_pdf_integration_test" time="0.014">
		</testcase>
		<testcase name="test_numerical_stability_extreme_values" classname="cdf_pdf_integration_test" time="0.006">
		</testcase>
		<testcase name="test_distribution_boundary_behavior" classname="cdf_pdf_integration_test" time="0.009">
		</testcase>
	</testsuite>
</testsuites>
