<?xml version="1.0" encoding="UTF-8" ?>
<testsuites id="2025-06-20" name="report_20" tests="152" failures="1" skipped="0" flaky="0" time="0.000">
	<testsuite id="0" name="pmf_pdf_functions_test" package="addons/godot-stat-math/tests/core" timestamp="2025-06-20T00:09:46" hostname="localhost" tests="152" failures="1" errors="0" skipped="0" flaky="0" time="0.675">
		<testcase name="test_binomial_pmf_basic" classname="pmf_pdf_functions_test" time="0.033">
		</testcase>
		<testcase name="test_binomial_pmf_edge_cases:0 (0, 5, 0.5, 0.03125)" classname="pmf_pdf_functions_test" time="0.065">
		</testcase>
		<testcase name="test_binomial_pmf_edge_cases:1 (5, 5, 0.5, 0.03125)" classname="pmf_pdf_functions_test" time="0.065">
		</testcase>
		<testcase name="test_binomial_pmf_edge_cases:2 (6, 5, 0.5, 0.0)" classname="pmf_pdf_functions_test" time="0.067">
		</testcase>
		<testcase name="test_binomial_pmf_edge_cases:3 (0, 5, 0.0, 1.0)" classname="pmf_pdf_functions_test" time="0.063">
		</testcase>
		<testcase name="test_binomial_pmf_edge_cases:4 (5, 5, 1.0, 1.0)" classname="pmf_pdf_functions_test" time="0.063">
		</testcase>
		<testcase name="test_binomial_pmf_invalid_parameters" classname="pmf_pdf_functions_test" time="0.080">
			<failure message="FAILED: res://addons/godot-stat-math/tests/core/pmf_pdf_functions_test.gd:231" type="FAILURE">
<![CDATA[
Expecting: push_error() is called.
	message: 'Number of trials (n_trials) must be non-negative. Received: -1'
	found: no errors
]]>
			</failure>
			<failure message="FAILED: res://addons/godot-stat-math/tests/core/pmf_pdf_functions_test.gd:231" type="FAILURE">
<![CDATA[
Expecting: push_error() is called.
	message: 'Success probability (p_prob) must be between 0.0 and 1.0. Received: -0.1'
	found: no errors
]]>
			</failure>
		</testcase>
	</testsuite>
</testsuites>
