<?xml version="1.0" encoding="UTF-8" ?>
<testsuites id="2025-06-24" name="report_4" tests="19" failures="0" skipped="0" flaky="0" time="0.000">
	<testsuite id="0" name="mathematical_property_test" package="addons/godot-stat-math/tests/core/basic_stats" timestamp="2025-06-24T15:13:14" hostname="localhost" tests="19" failures="0" errors="0" skipped="0" flaky="0" time="0.682">
		<testcase name="test_median_unsorted_data" classname="mathematical_property_test" time="0.020">
		</testcase>
		<testcase name="test_median_with_unsorted_array_violation" classname="mathematical_property_test" time="0.015">
		</testcase>
		<testcase name="test_median_enhanced_decimal_precision" classname="mathematical_property_test" time="0.015">
		</testcase>
		<testcase name="test_median_with_repeated_decimal_values" classname="mathematical_property_test" time="0.008">
		</testcase>
		<testcase name="test_right_skewed_data_behavior" classname="mathematical_property_test" time="0.007">
		</testcase>
		<testcase name="test_left_skewed_data_behavior" classname="mathematical_property_test" time="0.008">
		</testcase>
		<testcase name="test_heavy_tailed_data_robustness" classname="mathematical_property_test" time="0.009">
		</testcase>
		<testcase name="test_bimodal_data_characteristics" classname="mathematical_property_test" time="0.018">
		</testcase>
		<testcase name="test_power_law_data_handling" classname="mathematical_property_test" time="0.009">
		</testcase>
		<testcase name="test_very_large_numbers_stability" classname="mathematical_property_test" time="0.007">
		</testcase>
		<testcase name="test_very_small_numbers_precision" classname="mathematical_property_test" time="0.013">
		</testcase>
		<testcase name="test_mixed_magnitude_data_robustness" classname="mathematical_property_test" time="0.015">
		</testcase>
		<testcase name="test_close_numbers_precision_stability" classname="mathematical_property_test" time="0.007">
		</testcase>
		<testcase name="test_identical_values_numerical_stability" classname="mathematical_property_test" time="0.008">
		</testcase>
		<testcase name="test_integer_like_float_precision" classname="mathematical_property_test" time="0.008">
		</testcase>
		<testcase name="test_variance_standard_deviation_relationship" classname="mathematical_property_test" time="0.007">
		</testcase>
		<testcase name="test_median_absolute_deviation_basic_properties" classname="mathematical_property_test" time="0.014">
		</testcase>
		<testcase name="test_percentile_boundary_properties" classname="mathematical_property_test" time="0.015">
		</testcase>
		<testcase name="test_percentile_median_property" classname="mathematical_property_test" time="0.007">
		</testcase>
	</testsuite>
</testsuites>
