<?xml version="1.0" encoding="UTF-8" ?>
<testsuites id="2025-06-21" name="report_4" tests="18" failures="1" skipped="0" flaky="0" time="0.000">
	<testsuite id="0" name="mathematical_property_test" package="addons/godot-stat-math/tests/core/ppf_functions" timestamp="2025-06-21T16:19:50" hostname="localhost" tests="11" failures="0" errors="0" skipped="0" flaky="0" time="0.420">
		<testcase name="test_normal_cdf_ppf_round_trip_consistency" classname="mathematical_property_test" time="0.028">
		</testcase>
		<testcase name="test_exponential_cdf_ppf_round_trip_consistency" classname="mathematical_property_test" time="0.015">
		</testcase>
		<testcase name="test_uniform_cdf_ppf_round_trip_consistency" classname="mathematical_property_test" time="0.014">
		</testcase>
		<testcase name="test_normal_ppf_cdf_round_trip_consistency" classname="mathematical_property_test" time="0.008">
		</testcase>
		<testcase name="test_exponential_ppf_cdf_round_trip_consistency" classname="mathematical_property_test" time="0.006">
		</testcase>
		<testcase name="test_normal_ppf_monotonicity" classname="mathematical_property_test" time="0.008">
		</testcase>
		<testcase name="test_exponential_ppf_monotonicity" classname="mathematical_property_test" time="0.008">
		</testcase>
		<testcase name="test_normal_ppf_boundary_conditions" classname="mathematical_property_test" time="0.009">
		</testcase>
		<testcase name="test_uniform_ppf_boundary_conditions" classname="mathematical_property_test" time="0.011">
		</testcase>
		<testcase name="test_exponential_weibull_equivalence" classname="mathematical_property_test" time="0.008">
		</testcase>
		<testcase name="test_exponential_median_special_value" classname="mathematical_property_test" time="0.009">
		</testcase>
	</testsuite>
	<testsuite id="1" name="parameter_validation_test" package="addons/godot-stat-math/tests/core/ppf_functions" timestamp="2025-06-21T16:19:50" hostname="localhost" tests="2" failures="0" errors="0" skipped="0" flaky="0" time="0.162">
		<testcase name="test_normal_ppf_parameter_validation" classname="parameter_validation_test" time="0.064">
		</testcase>
		<testcase name="test_exponential_ppf_parameter_validation" classname="parameter_validation_test" time="0.036">
		</testcase>
	</testsuite>
	<testsuite id="2" name="scipy_validation_test" package="addons/godot-stat-math/tests/core/ppf_functions" timestamp="2025-06-21T16:19:50" hostname="localhost" tests="5" failures="1" errors="0" skipped="0" flaky="0" time="0.086">
		<testcase name="test_normal_ppf_scipy_validation" classname="scipy_validation_test" time="0.014">
		</testcase>
		<testcase name="test_exponential_ppf_scipy_validation" classname="scipy_validation_test" time="0.015">
			<failure message="FAILED: res://addons/godot-stat-math/tests/core/ppf_functions/scipy_validation_test.gd:22" type="FAILURE">
<![CDATA[
Expecting:
 '5.991465'
 in range between
 '1.497864' <> '1.497868'
]]>
			</failure>
			<failure message="FAILED: res://addons/godot-stat-math/tests/core/ppf_functions/scipy_validation_test.gd:22" type="FAILURE">
<![CDATA[
Expecting:
 '0.052680'
 in range between
 '0.210719' <> '0.210723'
]]>
			</failure>
		</testcase>
	</testsuite>
</testsuites>
