<?xml version="1.0" encoding="UTF-8" ?>
<testsuites id="2025-06-24" name="report_5" tests="3" failures="0" skipped="0" flaky="0" time="0.000">
	<testsuite id="0" name="parameter_validation_test" package="addons/godot-stat-math/tests/core/sampling_gen" timestamp="2025-06-24T17:30:20" hostname="localhost" tests="3" failures="0" errors="0" skipped="0" flaky="0" time="0.177">
		<testcase name="test_sampling_invalid_parameters" classname="parameter_validation_test" time="0.042">
		</testcase>
		<testcase name="test_sample_indices_invalid_parameters" classname="parameter_validation_test" time="0.042">
		</testcase>
		<testcase name="test_coordinated_batch_shuffles_invalid_parameters" classname="parameter_validation_test" time="0.015">
		</testcase>
	</testsuite>
</testsuites>
