<?xml version="1.0" encoding="UTF-8" ?>
<testsuites id="2025-06-21" name="report_2" tests="54" failures="0" skipped="0" flaky="0" time="0.000">
	<testsuite id="0" name="mathematical_property_test" package="addons/godot-stat-math/tests/core/helper_functions" timestamp="2025-06-21T16:05:09" hostname="localhost" tests="12" failures="0" errors="0" skipped="0" flaky="0" time="0.428">
		<testcase name="test_binomial_coefficient_symmetry" classname="mathematical_property_test" time="0.015">
		</testcase>
		<testcase name="test_binomial_coefficient_pascals_identity" classname="mathematical_property_test" time="0.006">
		</testcase>
		<testcase name="test_log_factorial_growth_property" classname="mathematical_property_test" time="0.007">
		</testcase>
		<testcase name="test_beta_function_symmetry" classname="mathematical_property_test" time="0.015">
		</testcase>
		<testcase name="test_beta_function_gamma_relationship" classname="mathematical_property_test" time="0.007">
		</testcase>
		<testcase name="test_incomplete_beta_boundary_conditions" classname="mathematical_property_test" time="0.007">
		</testcase>
		<testcase name="test_incomplete_beta_monotonicity" classname="mathematical_property_test" time="0.015">
		</testcase>
		<testcase name="test_lower_incomplete_gamma_boundary_conditions" classname="mathematical_property_test" time="0.008">
		</testcase>
		<testcase name="test_lower_incomplete_gamma_monotonicity" classname="mathematical_property_test" time="0.009">
		</testcase>
		<testcase name="test_lower_incomplete_gamma_regularized_monotonicity" classname="mathematical_property_test" time="0.009">
		</testcase>
		<testcase name="test_lower_incomplete_gamma_regularized_bounds" classname="mathematical_property_test" time="0.009">
		</testcase>
		<testcase name="test_lower_incomplete_gamma_regularized_convergence_warning" classname="mathematical_property_test" time="0.010">
		</testcase>
	</testsuite>
	<testsuite id="1" name="parameter_validation_test" package="addons/godot-stat-math/tests/core/helper_functions" timestamp="2025-06-21T16:05:09" hostname="localhost" tests="11" failures="0" errors="0" skipped="0" flaky="0" time="0.576">
		<testcase name="test_binomial_coefficient_invalid_n_negative" classname="parameter_validation_test" time="0.037">
		</testcase>
		<testcase name="test_binomial_coefficient_invalid_r_negative" classname="parameter_validation_test" time="0.030">
		</testcase>
		<testcase name="test_log_factorial_invalid_negative" classname="parameter_validation_test" time="0.037">
		</testcase>
		<testcase name="test_log_binomial_coef_invalid_n_negative" classname="parameter_validation_test" time="0.016">
		</testcase>
		<testcase name="test_log_binomial_coef_invalid_k_negative" classname="parameter_validation_test" time="0.025">
		</testcase>
		<testcase name="test_beta_function_invalid_a_negative" classname="parameter_validation_test" time="0.025">
		</testcase>
		<testcase name="test_incomplete_beta_invalid_a_negative" classname="parameter_validation_test" time="0.022">
		</testcase>
		<testcase name="test_incomplete_beta_invalid_x_out_of_range" classname="parameter_validation_test" time="0.022">
		</testcase>
		<testcase name="test_log_beta_function_direct_invalid_a_negative" classname="parameter_validation_test" time="0.029">
		</testcase>
		<testcase name="test_lower_incomplete_gamma_regularized_invalid_a_negative" classname="parameter_validation_test" time="0.023">
		</testcase>
		<testcase name="test_lower_incomplete_gamma_regularized_invalid_z_negative" classname="parameter_validation_test" time="0.024">
		</testcase>
	</testsuite>
	<testsuite id="2" name="scipy_validation_test" package="addons/godot-stat-math/tests/core/helper_functions" timestamp="2025-06-21T16:05:10" hostname="localhost" tests="31" failures="0" errors="0" skipped="0" flaky="0" time="1.094">
		<testcase name="test_binomial_coefficient_basic" classname="scipy_validation_test" time="0.016">
		</testcase>
		<testcase name="test_binomial_coefficient_r_zero" classname="scipy_validation_test" time="0.009">
		</testcase>
		<testcase name="test_binomial_coefficient_r_equals_n" classname="scipy_validation_test" time="0.023">
		</testcase>
		<testcase name="test_binomial_coefficient_r_greater_than_n" classname="scipy_validation_test" time="0.008">
		</testcase>
		<testcase name="test_log_factorial_basic" classname="scipy_validation_test" time="0.010">
		</testcase>
		<testcase name="test_log_factorial_zero" classname="scipy_validation_test" time="0.015">
		</testcase>
		<testcase name="test_log_binomial_coef_basic" classname="scipy_validation_test" time="0.009">
		</testcase>
		<testcase name="test_log_binomial_coef_k_zero" classname="scipy_validation_test" time="0.008">
		</testcase>
		<testcase name="test_log_binomial_coef_k_equals_n" classname="scipy_validation_test" time="0.007">
		</testcase>
		<testcase name="test_log_binomial_coef_k_greater_than_n" classname="scipy_validation_test" time="0.009">
		</testcase>
		<testcase name="test_beta_function_basic" classname="scipy_validation_test" time="0.009">
		</testcase>
		<testcase name="test_incomplete_beta_x_zero" classname="scipy_validation_test" time="0.017">
		</testcase>
		<testcase name="test_incomplete_beta_x_one" classname="scipy_validation_test" time="0.010">
		</testcase>
		<testcase name="test_incomplete_beta_special_case_beta_2_2" classname="scipy_validation_test" time="0.008">
		</testcase>
		<testcase name="test_incomplete_beta_special_case_beta_2_2_quarter" classname="scipy_validation_test" time="0.009">
		</testcase>
		<testcase name="test_incomplete_beta_special_case_beta_2_2_three_quarters" classname="scipy_validation_test" time="0.010">
		</testcase>
		<testcase name="test_incomplete_beta_scipy_validation" classname="scipy_validation_test" time="0.009">
		</testcase>
		<testcase name="test_log_beta_function_direct_basic" classname="scipy_validation_test" time="0.010">
		</testcase>
		<testcase name="test_lower_incomplete_gamma_regularized_z_zero" classname="scipy_validation_test" time="0.009">
		</testcase>
		<testcase name="test_lower_incomplete_gamma_regularized_scipy_validation" classname="scipy_validation_test" time="0.010">
		</testcase>
		<testcase name="test_lower_incomplete_gamma_regularized_a_equals_one" classname="scipy_validation_test" time="0.009">
		</testcase>
		<testcase name="test_lower_incomplete_gamma_regularized_small_z" classname="scipy_validation_test" time="0.017">
		</testcase>
		<testcase name="test_lower_incomplete_gamma_regularized_large_z" classname="scipy_validation_test" time="0.008">
		</testcase>
		<testcase name="test_lower_incomplete_gamma_regularized_zero_z_different_a" classname="scipy_validation_test" time="0.009">
		</testcase>
		<testcase name="test_incomplete_functions_beta_cdf_integration" classname="scipy_validation_test" time="0.008">
		</testcase>
		<testcase name="test_incomplete_functions_gamma_cdf_integration" classname="scipy_validation_test" time="0.008">
		</testcase>
		<testcase name="test_sanitize_numeric_array_mixed_types" classname="scipy_validation_test" time="0.008">
		</testcase>
		<testcase name="test_sanitize_numeric_array_with_invalid_values" classname="scipy_validation_test" time="0.009">
		</testcase>
		<testcase name="test_sanitize_numeric_array_is_sorted" classname="scipy_validation_test" time="0.010">
		</testcase>
		<testcase name="test_sanitize_numeric_array_with_negative_values" classname="scipy_validation_test" time="0.009">
		</testcase>
		<testcase name="test_sanitize_numeric_array_empty_input" classname="scipy_validation_test" time="0.009">
		</testcase>
	</testsuite>
</testsuites>
