<?xml version="1.0" encoding="UTF-8" ?>
<testsuites id="2025-06-20" name="report_8" tests="74" failures="0" skipped="0" flaky="0" time="0.000">
	<testsuite id="0" name="cdf_functions_test" package="addons/godot-stat-math/tests/core" timestamp="2025-06-19T23:35:18" hostname="localhost" tests="74" failures="0" errors="0" skipped="0" flaky="0" time="2.899">
		<testcase name="test_uniform_cdf_basic_range" classname="cdf_functions_test" time="0.012">
		</testcase>
		<testcase name="test_uniform_cdf_x_below_a" classname="cdf_functions_test" time="0.007">
		</testcase>
		<testcase name="test_uniform_cdf_x_above_b" classname="cdf_functions_test" time="0.007">
		</testcase>
		<testcase name="test_uniform_cdf_a_equals_b" classname="cdf_functions_test" time="0.006">
		</testcase>
		<testcase name="test_uniform_cdf_invalid_a_greater_than_b" classname="cdf_functions_test" time="0.027">
		</testcase>
		<testcase name="test_normal_cdf_standard_normal" classname="cdf_functions_test" time="0.014">
		</testcase>
		<testcase name="test_normal_cdf_mu_sigma" classname="cdf_functions_test" time="0.013">
		</testcase>
		<testcase name="test_normal_cdf_known_value" classname="cdf_functions_test" time="0.014">
		</testcase>
		<testcase name="test_normal_cdf_invalid_sigma_zero" classname="cdf_functions_test" time="0.025">
		</testcase>
		<testcase name="test_exponential_cdf_typical" classname="cdf_functions_test" time="0.008">
		</testcase>
		<testcase name="test_exponential_cdf_x_zero" classname="cdf_functions_test" time="0.007">
		</testcase>
		<testcase name="test_exponential_cdf_invalid_lambda_zero" classname="cdf_functions_test" time="0.029">
		</testcase>
		<testcase name="test_beta_cdf_symmetric" classname="cdf_functions_test" time="0.008">
		</testcase>
		<testcase name="test_beta_cdf_x_zero" classname="cdf_functions_test" time="0.015">
		</testcase>
		<testcase name="test_beta_cdf_x_one" classname="cdf_functions_test" time="0.008">
		</testcase>
		<testcase name="test_beta_cdf_invalid_alpha_beta" classname="cdf_functions_test" time="0.029">
		</testcase>
		<testcase name="test_gamma_cdf_known_value" classname="cdf_functions_test" time="0.008">
		</testcase>
		<testcase name="test_gamma_cdf_x_zero" classname="cdf_functions_test" time="0.007">
		</testcase>
		<testcase name="test_gamma_cdf_invalid_shape_scale" classname="cdf_functions_test" time="0.021">
		</testcase>
		<testcase name="test_chi_square_cdf_known_value" classname="cdf_functions_test" time="0.007">
		</testcase>
		<testcase name="test_chi_square_cdf_x_zero" classname="cdf_functions_test" time="0.008">
		</testcase>
		<testcase name="test_chi_square_cdf_invalid_df" classname="cdf_functions_test" time="0.031">
		</testcase>
		<testcase name="test_f_cdf_known_value" classname="cdf_functions_test" time="0.015">
		</testcase>
		<testcase name="test_f_cdf_x_zero" classname="cdf_functions_test" time="0.007">
		</testcase>
		<testcase name="test_f_cdf_invalid_df" classname="cdf_functions_test" time="0.018">
		</testcase>
		<testcase name="test_t_cdf_x_zero" classname="cdf_functions_test" time="0.008">
		</testcase>
		<testcase name="test_t_cdf_known_value" classname="cdf_functions_test" time="0.008">
		</testcase>
		<testcase name="test_t_cdf_invalid_df" classname="cdf_functions_test" time="0.020">
		</testcase>
		<testcase name="test_binomial_cdf_known_value" classname="cdf_functions_test" time="0.007">
		</testcase>
		<testcase name="test_binomial_cdf_k_negative" classname="cdf_functions_test" time="0.009">
		</testcase>
		<testcase name="test_binomial_cdf_k_ge_n" classname="cdf_functions_test" time="0.014">
		</testcase>
		<testcase name="test_binomial_cdf_invalid_n_negative" classname="cdf_functions_test" time="0.027">
		</testcase>
		<testcase name="test_binomial_cdf_invalid_p" classname="cdf_functions_test" time="0.042">
		</testcase>
		<testcase name="test_poisson_cdf_known_value" classname="cdf_functions_test" time="0.008">
		</testcase>
		<testcase name="test_poisson_cdf_k_negative" classname="cdf_functions_test" time="0.013">
		</testcase>
		<testcase name="test_poisson_cdf_invalid_lambda_negative" classname="cdf_functions_test" time="0.028">
		</testcase>
		<testcase name="test_geometric_cdf_known_value" classname="cdf_functions_test" time="0.014">
		</testcase>
		<testcase name="test_geometric_cdf_k_less_than_1" classname="cdf_functions_test" time="0.014">
		</testcase>
		<testcase name="test_geometric_cdf_invalid_p_zero" classname="cdf_functions_test" time="0.029">
		</testcase>
		<testcase name="test_negative_binomial_cdf_known_value" classname="cdf_functions_test" time="0.013">
		</testcase>
		<testcase name="test_negative_binomial_cdf_k_less_than_r" classname="cdf_functions_test" time="0.009">
		</testcase>
		<testcase name="test_negative_binomial_cdf_invalid_r" classname="cdf_functions_test" time="0.023">
		</testcase>
		<testcase name="test_negative_binomial_cdf_invalid_p" classname="cdf_functions_test" time="0.022">
		</testcase>
		<testcase name="test_pareto_cdf_x_equals_scale" classname="cdf_functions_test" time="0.016">
		</testcase>
		<testcase name="test_pareto_cdf_basic_calculation" classname="cdf_functions_test" time="0.008">
		</testcase>
		<testcase name="test_pareto_cdf_x_below_scale" classname="cdf_functions_test" time="0.013">
		</testcase>
		<testcase name="test_pareto_cdf_large_x" classname="cdf_functions_test" time="0.007">
		</testcase>
		<testcase name="test_pareto_cdf_different_shapes" classname="cdf_functions_test" time="0.007">
		</testcase>
		<testcase name="test_pareto_cdf_monotonicity" classname="cdf_functions_test" time="0.008">
		</testcase>
		<testcase name="test_pareto_cdf_bounds" classname="cdf_functions_test" time="0.015">
		</testcase>
		<testcase name="test_pareto_cdf_deterministic" classname="cdf_functions_test" time="0.014">
		</testcase>
		<testcase name="test_pareto_cdf_invalid_scale_zero" classname="cdf_functions_test" time="0.028">
		</testcase>
		<testcase name="test_pareto_cdf_invalid_scale_negative" classname="cdf_functions_test" time="0.028">
		</testcase>
		<testcase name="test_pareto_cdf_invalid_shape_zero" classname="cdf_functions_test" time="0.029">
		</testcase>
		<testcase name="test_pareto_cdf_invalid_shape_negative" classname="cdf_functions_test" time="0.022">
		</testcase>
		<testcase name="test_pareto_cdf_wealth_distribution_probability" classname="cdf_functions_test" time="0.007">
		</testcase>
		<testcase name="test_pareto_cdf_loot_rarity_distribution" classname="cdf_functions_test" time="0.014">
		</testcase>
		<testcase name="test_pareto_cdf_damage_resistance_calculation" classname="cdf_functions_test" time="0.015">
		</testcase>
		<testcase name="test_pareto_cdf_market_price_analysis" classname="cdf_functions_test" time="0.007">
		</testcase>
		<testcase name="test_weibull_cdf_known_value" classname="cdf_functions_test" time="0.007">
		</testcase>
		<testcase name="test_weibull_cdf_basic_calculation" classname="cdf_functions_test" time="0.014">
		</testcase>
		<testcase name="test_weibull_cdf_x_below_zero" classname="cdf_functions_test" time="0.008">
		</testcase>
		<testcase name="test_weibull_cdf_exponential_case" classname="cdf_functions_test" time="0.007">
		</testcase>
		<testcase name="test_weibull_cdf_monotonicity" classname="cdf_functions_test" time="0.014">
		</testcase>
		<testcase name="test_weibull_cdf_bounds" classname="cdf_functions_test" time="0.007">
		</testcase>
		<testcase name="test_weibull_cdf_invalid_shape" classname="cdf_functions_test" time="0.042">
		</testcase>
		<testcase name="test_weibull_cdf_invalid_scale" classname="cdf_functions_test" time="0.043">
		</testcase>
		<testcase name="test_weibull_cdf_equipment_failure_probability" classname="cdf_functions_test" time="0.007">
		</testcase>
		<testcase name="test_weibull_cdf_survival_analysis" classname="cdf_functions_test" time="0.015">
		</testcase>
		<testcase name="test_weibull_cdf_wind_speed_distribution" classname="cdf_functions_test" time="0.008">
		</testcase>
		<testcase name="test_weibull_cdf_component_reliability" classname="cdf_functions_test" time="0.013">
		</testcase>
		<testcase name="test_weibull_cdf_quest_completion_analysis" classname="cdf_functions_test" time="0.007">
		</testcase>
		<testcase name="test_weibull_cdf_resource_depletion_modeling" classname="cdf_functions_test" time="0.014">
		</testcase>
		<testcase name="test_weibull_cdf_network_latency_analysis" classname="cdf_functions_test" time="0.007">
		</testcase>
	</testsuite>
</testsuites>
