<?xml version="1.0" encoding="UTF-8" ?>
<testsuites id="2025-06-24" name="report_1" tests="10" failures="0" skipped="0" flaky="0" time="0.000">
	<testsuite id="0" name="mathematical_property_test" package="addons/godot-stat-math/tests/core/error_functions" timestamp="2025-06-24T15:23:03" hostname="localhost" tests="10" failures="0" errors="0" skipped="0" flaky="0" time="0.368">
		<testcase name="test_error_function_inverse_round_trip" classname="mathematical_property_test" time="0.014">
		</testcase>
		<testcase name="test_error_function_inverse_zero" classname="mathematical_property_test" time="0.007">
		</testcase>
		<testcase name="test_error_function_inverse_one" classname="mathematical_property_test" time="0.016">
		</testcase>
		<testcase name="test_error_function_inverse_minus_one" classname="mathematical_property_test" time="0.007">
		</testcase>
		<testcase name="test_complementary_error_function_inverse_round_trip" classname="mathematical_property_test" time="0.008">
		</testcase>
		<testcase name="test_complementary_error_function_inverse_one" classname="mathematical_property_test" time="0.014">
		</testcase>
		<testcase name="test_complementary_error_function_inverse_zero" classname="mathematical_property_test" time="0.008">
		</testcase>
		<testcase name="test_complementary_error_function_inverse_two" classname="mathematical_property_test" time="0.010">
		</testcase>
		<testcase name="test_log_gamma_consistency" classname="mathematical_property_test" time="0.008">
		</testcase>
		<testcase name="test_erf_odd_function_property" classname="mathematical_property_test" time="0.016">
		</testcase>
	</testsuite>
</testsuites>
