<?xml version="1.0" encoding="UTF-8" ?>
<testsuites id="2025-06-23" name="report_1" tests="13" failures="0" skipped="0" flaky="0" time="0.000">
	<testsuite id="0" name="cdf_pdf_integration_test" package="addons/godot-stat-math/tests/core/integration" timestamp="2025-06-23T08:31:33" hostname="localhost" tests="13" failures="0" errors="0" skipped="0" flaky="0" time="0.456">
		<testcase name="test_scipy_derivative_validation" classname="cdf_pdf_integration_test" time="0.012">
		</testcase>
		<testcase name="test_scipy_monotonicity_validation" classname="cdf_pdf_integration_test" time="0.011">
		</testcase>
		<testcase name="test_scipy_cross_function_validation" classname="cdf_pdf_integration_test" time="0.014">
		</testcase>
		<testcase name="test_scipy_boundary_validation" classname="cdf_pdf_integration_test" time="0.014">
		</testcase>
		<testcase name="test_normal_cdf_pdf_derivative_relationship" classname="cdf_pdf_integration_test" time="0.013">
		</testcase>
		<testcase name="test_exponential_cdf_pdf_derivative_relationship" classname="cdf_pdf_integration_test" time="0.017">
		</testcase>
		<testcase name="test_uniform_cdf_pdf_derivative_relationship" classname="cdf_pdf_integration_test" time="0.007">
		</testcase>
		<testcase name="test_beta_cdf_pdf_derivative_relationship" classname="cdf_pdf_integration_test" time="0.014">
		</testcase>
		<testcase name="test_weibull_cdf_pdf_derivative_relationship" classname="cdf_pdf_integration_test" time="0.007">
		</testcase>
		<testcase name="test_gamma_exponential_mathematical_relationship" classname="cdf_pdf_integration_test" time="0.013">
		</testcase>
		<testcase name="test_end_to_end_normal_distribution_workflow" classname="cdf_pdf_integration_test" time="0.014">
		</testcase>
		<testcase name="test_numerical_stability_extreme_values" classname="cdf_pdf_integration_test" time="0.009">
		</testcase>
		<testcase name="test_integration_parameter_validation" classname="cdf_pdf_integration_test" time="0.014">
		</testcase>
	</testsuite>
</testsuites>
