<?xml version="1.0" encoding="UTF-8" ?>
<testsuites id="2025-06-20" name="report_120" tests="162" failures="1" skipped="0" flaky="0" time="0.000">
	<testsuite id="0" name="pmf_pdf_functions_test" package="addons/godot-stat-math/tests/core" timestamp="2025-06-20T14:23:43" hostname="localhost" tests="162" failures="1" errors="0" skipped="0" flaky="0" time="4.254">
		<testcase name="test_binomial_pmf_basic" classname="pmf_pdf_functions_test" time="0.012">
		</testcase>
		<testcase name="test_binomial_pmf_edge_cases:0 (0, 5, 0.5, 0.03125)" classname="pmf_pdf_functions_test" time="0.051">
		</testcase>
		<testcase name="test_binomial_pmf_edge_cases:1 (5, 5, 0.5, 0.03125)" classname="pmf_pdf_functions_test" time="0.049">
		</testcase>
		<testcase name="test_binomial_pmf_edge_cases:2 (6, 5, 0.5, 0.0)" classname="pmf_pdf_functions_test" time="0.049">
		</testcase>
		<testcase name="test_binomial_pmf_edge_cases:3 (0, 5, 0.0, 1.0)" classname="pmf_pdf_functions_test" time="0.048">
		</testcase>
		<testcase name="test_binomial_pmf_edge_cases:4 (5, 5, 1.0, 1.0)" classname="pmf_pdf_functions_test" time="0.048">
		</testcase>
		<testcase name="test_binomial_pmf_invalid_parameters" classname="pmf_pdf_functions_test" time="0.042">
		</testcase>
		<testcase name="test_poisson_pmf_basic" classname="pmf_pdf_functions_test" time="0.007">
		</testcase>
		<testcase name="test_poisson_pmf_edge_cases:0 (0, 3.0, exp(-3.0))" classname="pmf_pdf_functions_test" time="0.052">
		</testcase>
		<testcase name="test_poisson_pmf_edge_cases:1 (0, 0.0, 1.0)" classname="pmf_pdf_functions_test" time="0.049">
		</testcase>
		<testcase name="test_poisson_pmf_edge_cases:2 (-1, 3.0, 0.0)" classname="pmf_pdf_functions_test" time="0.047">
		</testcase>
		<testcase name="test_poisson_pmf_invalid_parameters" classname="pmf_pdf_functions_test" time="0.029">
		</testcase>
		<testcase name="test_negative_binomial_pmf_basic" classname="pmf_pdf_functions_test" time="0.008">
		</testcase>
		<testcase name="test_negative_binomial_pmf_edge_cases:0 (2, 2, 0.5, 0.25)" classname="pmf_pdf_functions_test" time="0.048">
		</testcase>
		<testcase name="test_negative_binomial_pmf_edge_cases:1 (1, 2, 0.5, 0.0)" classname="pmf_pdf_functions_test" time="0.060">
		</testcase>
		<testcase name="test_negative_binomial_pmf_edge_cases:2 (2, 2, 1.0, 1.0)" classname="pmf_pdf_functions_test" time="0.047">
		</testcase>
		<testcase name="test_negative_binomial_pmf_invalid_parameters" classname="pmf_pdf_functions_test" time="0.041">
		</testcase>
		<testcase name="test_normal_pdf_parametrized:0 (0.0, 0.0, 1.0, 1.0 / sqrt(2.0 * PI))" classname="pmf_pdf_functions_test" time="0.049">
		</testcase>
		<testcase name="test_normal_pdf_parametrized:1 (1.0, 0.0, 1.0, (1.0 / sqrt(2.0 * PI)) * exp(-0.5))" classname="pmf_pdf_functions_test" time="0.052">
		</testcase>
		<testcase name="test_normal_pdf_parametrized:2 (2.0, 2.0, 1.0, 1.0 / sqrt(2.0 * PI))" classname="pmf_pdf_functions_test" time="0.048">
		</testcase>
		<testcase name="test_normal_pdf_parametrized:3 (5.0, 3.0, 2.0, (1.0 / (2.0 * sqrt(2.0 * PI))) * exp(-0.5))" classname="pmf_pdf_functions_test" time="0.049">
		</testcase>
		<testcase name="test_normal_pdf_invalid_parameters" classname="pmf_pdf_functions_test" time="0.051">
		</testcase>
		<testcase name="test_exponential_pdf_parametrized:0 (0.0, 1.0, 1.0)" classname="pmf_pdf_functions_test" time="0.049">
		</testcase>
		<testcase name="test_exponential_pdf_parametrized:1 (1.0, 1.0, exp(-1.0))" classname="pmf_pdf_functions_test" time="0.049">
		</testcase>
		<testcase name="test_exponential_pdf_parametrized:2 (0.0, 2.0, 2.0)" classname="pmf_pdf_functions_test" time="0.051">
		</testcase>
		<testcase name="test_exponential_pdf_parametrized:3 (2.0, 0.5, 0.5 * exp(-1.0))" classname="pmf_pdf_functions_test" time="0.047">
		</testcase>
		<testcase name="test_exponential_pdf_parametrized:4 (-1.0, 1.0, 0.0)" classname="pmf_pdf_functions_test" time="0.065">
		</testcase>
		<testcase name="test_exponential_pdf_invalid_parameters" classname="pmf_pdf_functions_test" time="0.053">
		</testcase>
		<testcase name="test_uniform_pdf_parametrized:0 (2.5, 1.0, 4.0, 1.0/3.0)" classname="pmf_pdf_functions_test" time="0.063">
		</testcase>
		<testcase name="test_uniform_pdf_parametrized:1 (1.0, 1.0, 4.0, 1.0/3.0)" classname="pmf_pdf_functions_test" time="0.048">
		</testcase>
		<testcase name="test_uniform_pdf_parametrized:2 (4.0, 1.0, 4.0, 1.0/3.0)" classname="pmf_pdf_functions_test" time="0.048">
		</testcase>
		<testcase name="test_uniform_pdf_parametrized:3 (0.5, 1.0, 4.0, 0.0)" classname="pmf_pdf_functions_test" time="0.047">
		</testcase>
		<testcase name="test_uniform_pdf_parametrized:4 (4.5, 1.0, 4.0, 0.0)" classname="pmf_pdf_functions_test" time="0.056">
		</testcase>
		<testcase name="test_uniform_pdf_parametrized:5 (0.0, -2.0, 2.0, 0.25)" classname="pmf_pdf_functions_test" time="0.048">
		</testcase>
		<testcase name="test_uniform_pdf_invalid_parameters" classname="pmf_pdf_functions_test" time="0.049">
		</testcase>
		<testcase name="test_gamma_pdf_basic" classname="pmf_pdf_functions_test" time="0.008">
		</testcase>
		<testcase name="test_gamma_pdf_edge_cases:0 (0.0, 2.0, 1.0, 0.0)" classname="pmf_pdf_functions_test" time="0.048">
		</testcase>
		<testcase name="test_gamma_pdf_edge_cases:1 (-1.0, 2.0, 1.0, 0.0)" classname="pmf_pdf_functions_test" time="0.046">
		</testcase>
		<testcase name="test_gamma_pdf_invalid_parameters" classname="pmf_pdf_functions_test" time="0.085">
		</testcase>
		<testcase name="test_beta_pdf_scipy_validated" classname="pmf_pdf_functions_test" time="0.008">
		</testcase>
		<testcase name="test_beta_pdf_uniform_special_case:0 (0.2)" classname="pmf_pdf_functions_test" time="0.049">
		</testcase>
		<testcase name="test_beta_pdf_uniform_special_case:1 (0.4)" classname="pmf_pdf_functions_test" time="0.051">
		</testcase>
		<testcase name="test_beta_pdf_uniform_special_case:2 (0.6)" classname="pmf_pdf_functions_test" time="0.051">
		</testcase>
		<testcase name="test_beta_pdf_uniform_special_case:3 (0.8)" classname="pmf_pdf_functions_test" time="0.046">
		</testcase>
		<testcase name="test_beta_pdf_outside_range:0 (-0.1, 2.0, 2.0, 0.0)" classname="pmf_pdf_functions_test" time="0.047">
		</testcase>
		<testcase name="test_beta_pdf_outside_range:1 (1.1, 2.0, 2.0, 0.0)" classname="pmf_pdf_functions_test" time="0.046">
		</testcase>
		<testcase name="test_beta_pdf_symmetry:0 (0.3, 2.0, 2.0)" classname="pmf_pdf_functions_test" time="0.047">
		</testcase>
		<testcase name="test_beta_pdf_symmetry:1 (0.2, 3.0, 3.0)" classname="pmf_pdf_functions_test" time="0.045">
		</testcase>
		<testcase name="test_beta_pdf_symmetry:2 (0.4, 1.5, 1.5)" classname="pmf_pdf_functions_test" time="0.045">
		</testcase>
		<testcase name="test_beta_pdf_boundary_behavior" classname="pmf_pdf_functions_test" time="0.029">
		</testcase>
		<testcase name="test_beta_pdf_invalid_parameters" classname="pmf_pdf_functions_test" time="0.090">
		</testcase>
		<testcase name="test_chi_squared_pdf_scipy_validated" classname="pmf_pdf_functions_test" time="0.016">
		</testcase>
		<testcase name="test_chi_squared_pdf_edge_cases:0 (0.0, 2.0, 0.0)" classname="pmf_pdf_functions_test" time="0.048">
		</testcase>
		<testcase name="test_chi_squared_pdf_edge_cases:1 (-1.0, 2.0, 0.0)" classname="pmf_pdf_functions_test" time="0.047">
		</testcase>
		<testcase name="test_chi_squared_pdf_exponential_relationship:0 (1.0)" classname="pmf_pdf_functions_test" time="0.051">
		</testcase>
		<testcase name="test_chi_squared_pdf_exponential_relationship:1 (1.5)" classname="pmf_pdf_functions_test" time="0.047">
		</testcase>
		<testcase name="test_chi_squared_pdf_exponential_relationship:2 (2.0)" classname="pmf_pdf_functions_test" time="0.046">
		</testcase>
		<testcase name="test_chi_squared_pdf_exponential_relationship:3 (3.0)" classname="pmf_pdf_functions_test" time="0.049">
		</testcase>
		<testcase name="test_chi_squared_pdf_exponential_relationship:4 (5.0)" classname="pmf_pdf_functions_test" time="0.048">
		</testcase>
		<testcase name="test_chi_squared_pdf_gamma_relationship:0 (1.0)" classname="pmf_pdf_functions_test" time="0.048">
		</testcase>
		<testcase name="test_chi_squared_pdf_gamma_relationship:1 (2.0)" classname="pmf_pdf_functions_test" time="0.047">
		</testcase>
		<testcase name="test_chi_squared_pdf_gamma_relationship:2 (5.0)" classname="pmf_pdf_functions_test" time="0.045">
		</testcase>
		<testcase name="test_chi_squared_pdf_invalid_parameters" classname="pmf_pdf_functions_test" time="0.043">
		</testcase>
		<testcase name="test_t_pdf_scipy_validated" classname="pmf_pdf_functions_test" time="0.008">
		</testcase>
		<testcase name="test_t_pdf_special_cases:0 (0.0, 1000.0, 1.0 / sqrt(2.0 * PI), StatMath.NUMERICAL_TOLERANCE)" classname="pmf_pdf_functions_test" time="0.049">
			<failure message="FAILED: res://addons/godot-stat-math/tests/core/pmf_pdf_functions_test.gd:327" type="FAILURE">
<![CDATA[
Expecting:
 '0.398843'
 in range between
 '0.398932' <> '0.398952'
]]>
			</failure>
		</testcase>
	</testsuite>
</testsuites>
