<?xml version="1.0" encoding="UTF-8" ?>
<testsuites id="2025-06-24" name="report_10" tests="11" failures="0" skipped="0" flaky="0" time="0.000">
	<testsuite id="0" name="statistical_validation_test" package="addons/godot-stat-math/tests/core/distributions" timestamp="2025-06-24T16:13:04" hostname="localhost" tests="11" failures="0" errors="0" skipped="0" flaky="0" time="0.401">
		<testcase name="test_randi_bernoulli_statistical_properties" classname="statistical_validation_test" time="0.014">
		</testcase>
		<testcase name="test_randi_binomial_statistical_properties" classname="statistical_validation_test" time="0.013">
		</testcase>
		<testcase name="test_randi_geometric_statistical_properties" classname="statistical_validation_test" time="0.012">
		</testcase>
		<testcase name="test_randi_poisson_statistical_properties" classname="statistical_validation_test" time="0.013">
		</testcase>
		<testcase name="test_randf_normal_statistical_properties" classname="statistical_validation_test" time="0.021">
		</testcase>
		<testcase name="test_randf_exponential_statistical_properties" classname="statistical_validation_test" time="0.021">
		</testcase>
		<testcase name="test_randf_uniform_statistical_properties" classname="statistical_validation_test" time="0.015">
		</testcase>
		<testcase name="test_randf_beta_statistical_properties" classname="statistical_validation_test" time="0.042">
		</testcase>
		<testcase name="test_randf_gamma_statistical_properties" classname="statistical_validation_test" time="0.023">
		</testcase>
		<testcase name="test_randf_erlang_statistical_properties" classname="statistical_validation_test" time="0.012">
		</testcase>
		<testcase name="test_randi_uniform_statistical_properties" classname="statistical_validation_test" time="0.021">
		</testcase>
	</testsuite>
</testsuites>
