<?xml version="1.0" encoding="UTF-8" ?>
<testsuites id="2025-06-21" name="report_24" tests="106" failures="1" skipped="0" flaky="0" time="0.000">
	<testsuite id="0" name="cdf_functions_test" package="addons/godot-stat-math/tests/core" timestamp="2025-06-21T11:23:11" hostname="localhost" tests="106" failures="1" errors="0" skipped="0" flaky="0" time="0.266">
		<testcase name="test_normal_cdf_comprehensive" classname="cdf_functions_test" time="0.029">
		</testcase>
		<testcase name="test_exponential_cdf_comprehensive" classname="cdf_functions_test" time="0.013">
		</testcase>
		<testcase name="test_gamma_cdf_comprehensive" classname="cdf_functions_test" time="0.014">
		</testcase>
		<testcase name="test_beta_cdf_comprehensive" classname="cdf_functions_test" time="0.006">
		</testcase>
		<testcase name="test_chi_square_cdf_comprehensive" classname="cdf_functions_test" time="0.014">
		</testcase>
		<testcase name="test_t_cdf_comprehensive" classname="cdf_functions_test" time="0.008">
		</testcase>
		<testcase name="test_f_cdf_comprehensive" classname="cdf_functions_test" time="0.008">
			<failure message="FAILED: res://addons/godot-stat-math/tests/core/cdf_functions_test.gd:61" type="FAILURE">
<![CDATA[
Expecting:
 '0.598000'
 in range between
 '0.599990' <> '0.600010'
]]>
			</failure>
			<failure message="FAILED: res://addons/godot-stat-math/tests/core/cdf_functions_test.gd:61" type="FAILURE">
<![CDATA[
Expecting:
 '0.467816'
 in range between
 '0.467892' <> '0.467912'
]]>
			</failure>
		</testcase>
	</testsuite>
</testsuites>
