<?xml version="1.0" encoding="UTF-8" ?>
<testsuites id="2025-06-23" name="report_7" tests="95" failures="0" skipped="0" flaky="0" time="0.000">
	<testsuite id="0" name="basic_stats_perf_test" package="addons/godot-stat-math/tests/performance/core" timestamp="2025-06-23T10:47:34" hostname="localhost" tests="5" failures="0" errors="0" skipped="0" flaky="0" time="0.296">
		<testcase name="test_mean_variance_performance" classname="basic_stats_perf_test" time="0.055">
		</testcase>
		<testcase name="test_median_performance" classname="basic_stats_perf_test" time="0.039">
		</testcase>
		<testcase name="test_median_absolute_deviation_performance" classname="basic_stats_perf_test" time="0.059">
		</testcase>
		<testcase name="test_sample_statistics_performance" classname="basic_stats_perf_test" time="0.033">
		</testcase>
		<testcase name="test_min_max_range_performance" classname="basic_stats_perf_test" time="0.031">
		</testcase>
	</testsuite>
	<testsuite id="1" name="cdf_functions_perf_test" package="addons/godot-stat-math/tests/performance/core" timestamp="2025-06-23T10:47:34" hostname="localhost" tests="13" failures="0" errors="0" skipped="0" flaky="0" time="1.667">
		<testcase name="test_normal_cdf_performance" classname="cdf_functions_perf_test" time="0.040">
		</testcase>
		<testcase name="test_gamma_cdf_performance" classname="cdf_functions_perf_test" time="0.056">
		</testcase>
		<testcase name="test_beta_cdf_performance" classname="cdf_functions_perf_test" time="0.497">
		</testcase>
		<testcase name="test_weibull_cdf_performance" classname="cdf_functions_perf_test" time="0.034">
		</testcase>
		<testcase name="test_exponential_cdf_performance" classname="cdf_functions_perf_test" time="0.018">
		</testcase>
		<testcase name="test_chi_square_cdf_performance" classname="cdf_functions_perf_test" time="0.038">
		</testcase>
		<testcase name="test_f_cdf_performance" classname="cdf_functions_perf_test" time="0.194">
		</testcase>
		<testcase name="test_t_cdf_performance" classname="cdf_functions_perf_test" time="0.324">
		</testcase>
		<testcase name="test_binomial_cdf_performance" classname="cdf_functions_perf_test" time="0.070">
		</testcase>
		<testcase name="test_poisson_cdf_performance" classname="cdf_functions_perf_test" time="0.058">
		</testcase>
		<testcase name="test_geometric_cdf_performance" classname="cdf_functions_perf_test" time="0.030">
		</testcase>
		<testcase name="test_negative_binomial_cdf_performance" classname="cdf_functions_perf_test" time="0.071">
		</testcase>
		<testcase name="test_pareto_cdf_performance" classname="cdf_functions_perf_test" time="0.029">
		</testcase>
	</testsuite>
	<testsuite id="2" name="distributions_perf_test" package="addons/godot-stat-math/tests/performance/core" timestamp="2025-06-23T10:47:36" hostname="localhost" tests="12" failures="0" errors="0" skipped="0" flaky="0" time="0.472">
		<testcase name="test_normal_distribution_performance" classname="distributions_perf_test" time="0.039">
		</testcase>
		<testcase name="test_gamma_distribution_performance" classname="distributions_perf_test" time="0.019">
		</testcase>
		<testcase name="test_beta_distribution_performance" classname="distributions_perf_test" time="0.023">
		</testcase>
		<testcase name="test_binomial_distribution_performance" classname="distributions_perf_test" time="0.036">
		</testcase>
		<testcase name="test_poisson_distribution_performance" classname="distributions_perf_test" time="0.028">
		</testcase>
		<testcase name="test_weibull_distribution_performance" classname="distributions_perf_test" time="0.018">
		</testcase>
		<testcase name="test_uniform_int_distribution_performance" classname="distributions_perf_test" time="0.016">
		</testcase>
		<testcase name="test_uniform_float_distribution_performance" classname="distributions_perf_test" time="0.016">
		</testcase>
		<testcase name="test_exponential_distribution_performance" classname="distributions_perf_test" time="0.016">
		</testcase>
		<testcase name="test_pareto_distribution_performance" classname="distributions_perf_test" time="0.028">
		</testcase>
		<testcase name="test_cauchy_distribution_performance" classname="distributions_perf_test" time="0.020">
		</testcase>
		<testcase name="test_triangular_distribution_performance" classname="distributions_perf_test" time="0.020">
		</testcase>
	</testsuite>
	<testsuite id="3" name="error_functions_perf_test" package="addons/godot-stat-math/tests/performance/core" timestamp="2025-06-23T10:47:36" hostname="localhost" tests="4" failures="0" errors="0" skipped="0" flaky="0" time="0.214">
		<testcase name="test_error_function_performance" classname="error_functions_perf_test" time="0.037">
		</testcase>
		<testcase name="test_complementary_error_function_performance" classname="error_functions_perf_test" time="0.026">
		</testcase>
		<testcase name="test_error_function_inverse_performance" classname="error_functions_perf_test" time="0.041">
		</testcase>
		<testcase name="test_complementary_error_function_inverse_performance" classname="error_functions_perf_test" time="0.040">
		</testcase>
	</testsuite>
	<testsuite id="4" name="helper_functions_perf_test" package="addons/godot-stat-math/tests/performance/core" timestamp="2025-06-23T10:47:36" hostname="localhost" tests="8" failures="0" errors="0" skipped="0" flaky="0" time="0.474">
		<testcase name="test_gamma_function_performance" classname="helper_functions_perf_test" time="0.029">
		</testcase>
		<testcase name="test_beta_function_performance" classname="helper_functions_perf_test" time="0.040">
		</testcase>
		<testcase name="test_incomplete_beta_function_performance" classname="helper_functions_perf_test" time="0.109">
		</testcase>
		<testcase name="test_binomial_coefficient_performance" classname="helper_functions_perf_test" time="0.034">
		</testcase>
		<testcase name="test_log_gamma_function_performance" classname="helper_functions_perf_test" time="0.038">
		</testcase>
		<testcase name="test_log_factorial_performance" classname="helper_functions_perf_test" time="0.038">
		</testcase>
		<testcase name="test_log_binomial_coefficient_performance" classname="helper_functions_perf_test" time="0.039">
		</testcase>
		<testcase name="test_sanitize_numeric_array_performance" classname="helper_functions_perf_test" time="0.031">
		</testcase>
	</testsuite>
	<testsuite id="5" name="pmf_pdf_functions_perf_test" package="addons/godot-stat-math/tests/performance/core" timestamp="2025-06-23T10:47:37" hostname="localhost" tests="11" failures="0" errors="0" skipped="0" flaky="0" time="0.601">
		<testcase name="test_normal_pdf_performance" classname="pmf_pdf_functions_perf_test" time="0.032">
		</testcase>
		<testcase name="test_exponential_pdf_performance" classname="pmf_pdf_functions_perf_test" time="0.027">
		</testcase>
		<testcase name="test_uniform_pdf_performance" classname="pmf_pdf_functions_perf_test" time="0.033">
		</testcase>
		<testcase name="test_gamma_pdf_performance" classname="pmf_pdf_functions_perf_test" time="0.045">
		</testcase>
		<testcase name="test_beta_pdf_performance" classname="pmf_pdf_functions_perf_test" time="0.079">
		</testcase>
		<testcase name="test_binomial_pmf_performance" classname="pmf_pdf_functions_perf_test" time="0.026">
		</testcase>
		<testcase name="test_poisson_pmf_performance" classname="pmf_pdf_functions_perf_test" time="0.022">
		</testcase>
		<testcase name="test_chi_squared_pdf_performance" classname="pmf_pdf_functions_perf_test" time="0.041">
		</testcase>
		<testcase name="test_t_pdf_performance" classname="pmf_pdf_functions_perf_test" time="0.052">
		</testcase>
		<testcase name="test_f_pdf_performance" classname="pmf_pdf_functions_perf_test" time="0.061">
		</testcase>
		<testcase name="test_negative_binomial_pmf_performance" classname="pmf_pdf_functions_perf_test" time="0.029">
		</testcase>
	</testsuite>
	<testsuite id="6" name="ppf_functions_perf_test" package="addons/godot-stat-math/tests/performance/core" timestamp="2025-06-23T10:47:37" hostname="localhost" tests="4" failures="0" errors="0" skipped="0" flaky="0" time="10.040">
		<testcase name="test_normal_ppf_performance" classname="ppf_functions_perf_test" time="0.060">
		</testcase>
		<testcase name="test_gamma_ppf_performance" classname="ppf_functions_perf_test" time="1.637">
		</testcase>
		<testcase name="test_beta_ppf_performance" classname="ppf_functions_perf_test" time="8.250">
		</testcase>
		<testcase name="test_weibull_ppf_performance" classname="ppf_functions_perf_test" time="0.023">
		</testcase>
	</testsuite>
	<testsuite id="7" name="sampling_gen_perf_test" package="addons/godot-stat-math/tests/performance/core" timestamp="2025-06-23T10:47:47" hostname="localhost" tests="38" failures="0" errors="0" skipped="0" flaky="0" time="3.052">
		<testcase name="test_generate_samples:0 (SamplingGen.SamplingMethod.RANDOM, 1, 32)" classname="sampling_gen_perf_test" time="0.067">
		</testcase>
		<testcase name="test_generate_samples:1 (SamplingGen.SamplingMethod.RANDOM, 1, 256)" classname="sampling_gen_perf_test" time="0.056">
		</testcase>
		<testcase name="test_generate_samples:2 (SamplingGen.SamplingMethod.RANDOM, 1, 1024)" classname="sampling_gen_perf_test" time="0.052">
		</testcase>
		<testcase name="test_generate_samples:3 (SamplingGen.SamplingMethod.RANDOM, 3, 32)" classname="sampling_gen_perf_test" time="0.041">
		</testcase>
		<testcase name="test_generate_samples:4 (SamplingGen.SamplingMethod.RANDOM, 3, 256)" classname="sampling_gen_perf_test" time="0.045">
		</testcase>
		<testcase name="test_generate_samples:5 (SamplingGen.SamplingMethod.RANDOM, 3, 1024)" classname="sampling_gen_perf_test" time="0.055">
		</testcase>
		<testcase name="test_generate_samples:6 (SamplingGen.SamplingMethod.RANDOM, 10, 32)" classname="sampling_gen_perf_test" time="0.043">
		</testcase>
		<testcase name="test_generate_samples:7 (SamplingGen.SamplingMethod.RANDOM, 10, 256)" classname="sampling_gen_perf_test" time="0.050">
		</testcase>
		<testcase name="test_generate_samples:8 (SamplingGen.SamplingMethod.RANDOM, 10, 1024)" classname="sampling_gen_perf_test" time="0.083">
		</testcase>
		<testcase name="test_generate_samples:9 (SamplingGen.SamplingMethod.SOBOL, 1, 32)" classname="sampling_gen_perf_test" time="0.044">
		</testcase>
		<testcase name="test_generate_samples:10 (SamplingGen.SamplingMethod.SOBOL, 1, 256)" classname="sampling_gen_perf_test" time="0.045">
		</testcase>
		<testcase name="test_generate_samples:11 (SamplingGen.SamplingMethod.SOBOL, 1, 1024)" classname="sampling_gen_perf_test" time="0.054">
		</testcase>
		<testcase name="test_generate_samples:12 (SamplingGen.SamplingMethod.SOBOL, 3, 32)" classname="sampling_gen_perf_test" time="0.040">
		</testcase>
		<testcase name="test_generate_samples:13 (SamplingGen.SamplingMethod.SOBOL, 3, 256)" classname="sampling_gen_perf_test" time="0.048">
		</testcase>
		<testcase name="test_generate_samples:14 (SamplingGen.SamplingMethod.SOBOL, 3, 1024)" classname="sampling_gen_perf_test" time="0.064">
		</testcase>
		<testcase name="test_generate_samples:15 (SamplingGen.SamplingMethod.SOBOL, 10, 32)" classname="sampling_gen_perf_test" time="0.044">
		</testcase>
		<testcase name="test_generate_samples:16 (SamplingGen.SamplingMethod.SOBOL, 10, 256)" classname="sampling_gen_perf_test" time="0.062">
		</testcase>
		<testcase name="test_generate_samples:17 (SamplingGen.SamplingMethod.SOBOL, 10, 1024)" classname="sampling_gen_perf_test" time="0.114">
		</testcase>
		<testcase name="test_generate_samples:18 (SamplingGen.SamplingMethod.SOBOL_RANDOM, 1, 32)" classname="sampling_gen_perf_test" time="0.047">
		</testcase>
		<testcase name="test_generate_samples:19 (SamplingGen.SamplingMethod.SOBOL_RANDOM, 1, 256)" classname="sampling_gen_perf_test" time="0.044">
		</testcase>
		<testcase name="test_generate_samples:20 (SamplingGen.SamplingMethod.SOBOL_RANDOM, 1, 1024)" classname="sampling_gen_perf_test" time="0.055">
		</testcase>
		<testcase name="test_generate_samples:21 (SamplingGen.SamplingMethod.SOBOL_RANDOM, 3, 32)" classname="sampling_gen_perf_test" time="0.041">
		</testcase>
		<testcase name="test_generate_samples:22 (SamplingGen.SamplingMethod.SOBOL_RANDOM, 3, 256)" classname="sampling_gen_perf_test" time="0.047">
		</testcase>
		<testcase name="test_generate_samples:23 (SamplingGen.SamplingMethod.SOBOL_RANDOM, 3, 1024)" classname="sampling_gen_perf_test" time="0.065">
		</testcase>
		<testcase name="test_generate_samples:24 (SamplingGen.SamplingMethod.SOBOL_RANDOM, 10, 32)" classname="sampling_gen_perf_test" time="0.046">
		</testcase>
		<testcase name="test_generate_samples:25 (SamplingGen.SamplingMethod.SOBOL_RANDOM, 10, 256)" classname="sampling_gen_perf_test" time="0.058">
		</testcase>
		<testcase name="test_generate_samples:26 (SamplingGen.SamplingMethod.SOBOL_RANDOM, 10, 1024)" classname="sampling_gen_perf_test" time="0.107">
		</testcase>
		<testcase name="test_generate_samples:27 (SamplingGen.SamplingMethod.HALTON, 1, 32)" classname="sampling_gen_perf_test" time="0.041">
		</testcase>
		<testcase name="test_generate_samples:28 (SamplingGen.SamplingMethod.HALTON, 1, 256)" classname="sampling_gen_perf_test" time="0.046">
		</testcase>
		<testcase name="test_generate_samples:29 (SamplingGen.SamplingMethod.HALTON, 1, 1024)" classname="sampling_gen_perf_test" time="0.061">
		</testcase>
		<testcase name="test_generate_samples:30 (SamplingGen.SamplingMethod.HALTON, 3, 32)" classname="sampling_gen_perf_test" time="0.047">
		</testcase>
		<testcase name="test_generate_samples:31 (SamplingGen.SamplingMethod.HALTON, 3, 256)" classname="sampling_gen_perf_test" time="0.049">
		</testcase>
		<testcase name="test_generate_samples:32 (SamplingGen.SamplingMethod.HALTON, 3, 1024)" classname="sampling_gen_perf_test" time="0.081">
		</testcase>
		<testcase name="test_generate_samples:33 (SamplingGen.SamplingMethod.HALTON, 10, 32)" classname="sampling_gen_perf_test" time="0.044">
		</testcase>
		<testcase name="test_generate_samples:34 (SamplingGen.SamplingMethod.HALTON, 10, 256)" classname="sampling_gen_perf_test" time="0.075">
		</testcase>
		<testcase name="test_generate_samples:35 (SamplingGen.SamplingMethod.HALTON, 10, 1024)" classname="sampling_gen_perf_test" time="0.122">
		</testcase>
		<testcase name="test_coordinated_shuffle_performance" classname="sampling_gen_perf_test" time="0.445">
		</testcase>
		<testcase name="test_sample_indices_performance" classname="sampling_gen_perf_test" time="0.018">
		</testcase>
	</testsuite>
</testsuites>
