<?xml version="1.0" encoding="UTF-8" ?>
<testsuites id="2025-06-24" name="report_12" tests="15" failures="0" skipped="0" flaky="0" time="0.000">
	<testsuite id="0" name="statistical_validation_test" package="addons/godot-stat-math/tests/core/distributions" timestamp="2025-06-24T16:28:56" hostname="localhost" tests="15" failures="0" errors="0" skipped="0" flaky="0" time="0.650">
		<testcase name="test_randi_bernoulli_statistical_properties" classname="statistical_validation_test" time="0.022">
		</testcase>
		<testcase name="test_randi_binomial_statistical_properties" classname="statistical_validation_test" time="0.021">
		</testcase>
		<testcase name="test_randi_geometric_statistical_properties" classname="statistical_validation_test" time="0.023">
		</testcase>
		<testcase name="test_randi_poisson_statistical_properties" classname="statistical_validation_test" time="0.028">
		</testcase>
		<testcase name="test_randf_normal_statistical_properties" classname="statistical_validation_test" time="0.019">
		</testcase>
		<testcase name="test_randf_exponential_statistical_properties" classname="statistical_validation_test" time="0.028">
		</testcase>
		<testcase name="test_randf_uniform_statistical_properties" classname="statistical_validation_test" time="0.016">
		</testcase>
		<testcase name="test_randf_beta_statistical_properties" classname="statistical_validation_test" time="0.051">
		</testcase>
		<testcase name="test_randf_gamma_statistical_properties" classname="statistical_validation_test" time="0.030">
		</testcase>
		<testcase name="test_randf_erlang_statistical_properties" classname="statistical_validation_test" time="0.014">
		</testcase>
		<testcase name="test_randi_uniform_statistical_properties" classname="statistical_validation_test" time="0.027">
		</testcase>
		<testcase name="test_randf_triangular_statistical_properties" classname="statistical_validation_test" time="0.038">
		</testcase>
		<testcase name="test_randf_pareto_statistical_properties" classname="statistical_validation_test" time="0.040">
		</testcase>
		<testcase name="test_randf_weibull_statistical_properties" classname="statistical_validation_test" time="0.038">
		</testcase>
		<testcase name="test_randf_lognormal_statistical_properties" classname="statistical_validation_test" time="0.039">
		</testcase>
	</testsuite>
</testsuites>
