<?xml version="1.0" encoding="UTF-8" ?>
<testsuites id="2025-06-24" name="report_3" tests="5" failures="0" skipped="0" flaky="0" time="0.000">
	<testsuite id="0" name="parameter_validation_test" package="addons/godot-stat-math/tests/core/ppf_functions" timestamp="2025-06-24T17:27:08" hostname="localhost" tests="5" failures="0" errors="0" skipped="0" flaky="0" time="0.504">
		<testcase name="test_normal_ppf_parameter_validation" classname="parameter_validation_test" time="0.078">
		</testcase>
		<testcase name="test_exponential_ppf_parameter_validation" classname="parameter_validation_test" time="0.043">
		</testcase>
		<testcase name="test_uniform_ppf_parameter_validation" classname="parameter_validation_test" time="0.043">
		</testcase>
		<testcase name="test_pareto_ppf_parameter_validation" classname="parameter_validation_test" time="0.114">
		</testcase>
		<testcase name="test_weibull_ppf_parameter_validation" classname="parameter_validation_test" time="0.113">
		</testcase>
	</testsuite>
</testsuites>
